21:28:29 **** Build of configuration Debug for project 008Queues_n_timers ****
make -j12 all 
arm-none-eabi-gcc "D:/Microcontroller/STM32F40x/STM32F4_RTOS/RTOS_workspace/common/ThirdParty/FreeRTOS/portable/MemMang/heap_4.c" -mcpu=cortex-m4 -std=gnu11 -g3 -DUSE_HAL_DRIVER -DDEBUG -DSTM32F407xx -c -I../Drivers/CMSIS/Include -I../Drivers/STM32F4xx_HAL_Driver/Inc -I../Core/Inc -I../Drivers/CMSIS/Device/ST/STM32F4xx/Include -I../Drivers/STM32F4xx_HAL_Driver/Inc/Legacy -I"D:/Workspace/RTOS_workspace/common/ThirdParty/FreeRTOS/include" -I"D:/Workspace/RTOS_workspace/common/ThirdParty/FreeRTOS/portable/GCC/ARM_CM4F" -I"D:/Workspace/RTOS_workspace/common/ThirdParty/SEGGER/Config" -I"D:/Workspace/RTOS_workspace/common/ThirdParty/SEGGER/OS" -I"D:/Workspace/RTOS_workspace/common/ThirdParty/SEGGER/SEGGER" -O0 -ffunction-sections -fdata-sections -Wall -fstack-usage -fcyclomatic-complexity -MMD -MP -MF"common/ThirdParty/FreeRTOS/portable/MemMang/heap_4.d" -MT"common/ThirdParty/FreeRTOS/portable/MemMang/heap_4.o" --specs=nano.specs -mfpu=fpv4-sp-d16 -mfloat-abi=hard -mthumb -o "common/ThirdParty/FreeRTOS/portable/MemMang/heap_4.o"
arm-none-eabi-gcc "D:/Microcontroller/STM32F40x/STM32F4_RTOS/RTOS_workspace/common/ThirdParty/FreeRTOS/portable/GCC/ARM_CM4F/port.c" -mcpu=cortex-m4 -std=gnu11 -g3 -DUSE_HAL_DRIVER -DDEBUG -DSTM32F407xx -c -I../Drivers/CMSIS/Include -I../Drivers/STM32F4xx_HAL_Driver/Inc -I../Core/Inc -I../Drivers/CMSIS/Device/ST/STM32F4xx/Include -I../Drivers/STM32F4xx_HAL_Driver/Inc/Legacy -I"D:/Workspace/RTOS_workspace/common/ThirdParty/FreeRTOS/include" -I"D:/Workspace/RTOS_workspace/common/ThirdParty/FreeRTOS/portable/GCC/ARM_CM4F" -I"D:/Workspace/RTOS_workspace/common/ThirdParty/SEGGER/Config" -I"D:/Workspace/RTOS_workspace/common/ThirdParty/SEGGER/OS" -I"D:/Workspace/RTOS_workspace/common/ThirdParty/SEGGER/SEGGER" -O0 -ffunction-sections -fdata-sections -Wall -fstack-usage -fcyclomatic-complexity -MMD -MP -MF"common/ThirdParty/FreeRTOS/portable/GCC/ARM_CM4F/port.d" -MT"common/ThirdParty/FreeRTOS/portable/GCC/ARM_CM4F/port.o" --specs=nano.specs -mfpu=fpv4-sp-d16 -mfloat-abi=hard -mthumb -o "common/ThirdParty/FreeRTOS/portable/GCC/ARM_CM4F/port.o"
arm-none-eabi-gcc "D:/Microcontroller/STM32F40x/STM32F4_RTOS/RTOS_workspace/common/ThirdParty/FreeRTOS/croutine.c" -mcpu=cortex-m4 -std=gnu11 -g3 -DUSE_HAL_DRIVER -DDEBUG -DSTM32F407xx -c -I../Drivers/CMSIS/Include -I../Drivers/STM32F4xx_HAL_Driver/Inc -I../Core/Inc -I../Drivers/CMSIS/Device/ST/STM32F4xx/Include -I../Drivers/STM32F4xx_HAL_Driver/Inc/Legacy -I"D:/Workspace/RTOS_workspace/common/ThirdParty/FreeRTOS/include" -I"D:/Workspace/RTOS_workspace/common/ThirdParty/FreeRTOS/portable/GCC/ARM_CM4F" -I"D:/Workspace/RTOS_workspace/common/ThirdParty/SEGGER/Config" -I"D:/Workspace/RTOS_workspace/common/ThirdParty/SEGGER/OS" -I"D:/Workspace/RTOS_workspace/common/ThirdParty/SEGGER/SEGGER" -O0 -ffunction-sections -fdata-sections -Wall -fstack-usage -fcyclomatic-complexity -MMD -MP -MF"common/ThirdParty/FreeRTOS/croutine.d" -MT"common/ThirdParty/FreeRTOS/croutine.o" --specs=nano.specs -mfpu=fpv4-sp-d16 -mfloat-abi=hard -mthumb -o "common/ThirdParty/FreeRTOS/croutine.o"
arm-none-eabi-gcc "D:/Microcontroller/STM32F40x/STM32F4_RTOS/RTOS_workspace/common/ThirdParty/FreeRTOS/event_groups.c" -mcpu=cortex-m4 -std=gnu11 -g3 -DUSE_HAL_DRIVER -DDEBUG -DSTM32F407xx -c -I../Drivers/CMSIS/Include -I../Drivers/STM32F4xx_HAL_Driver/Inc -I../Core/Inc -I../Drivers/CMSIS/Device/ST/STM32F4xx/Include -I../Drivers/STM32F4xx_HAL_Driver/Inc/Legacy -I"D:/Workspace/RTOS_workspace/common/ThirdParty/FreeRTOS/include" -I"D:/Workspace/RTOS_workspace/common/ThirdParty/FreeRTOS/portable/GCC/ARM_CM4F" -I"D:/Workspace/RTOS_workspace/common/ThirdParty/SEGGER/Config" -I"D:/Workspace/RTOS_workspace/common/ThirdParty/SEGGER/OS" -I"D:/Workspace/RTOS_workspace/common/ThirdParty/SEGGER/SEGGER" -O0 -ffunction-sections -fdata-sections -Wall -fstack-usage -fcyclomatic-complexity -MMD -MP -MF"common/ThirdParty/FreeRTOS/event_groups.d" -MT"common/ThirdParty/FreeRTOS/event_groups.o" --specs=nano.specs -mfpu=fpv4-sp-d16 -mfloat-abi=hard -mthumb -o "common/ThirdParty/FreeRTOS/event_groups.o"
arm-none-eabi-gcc "D:/Microcontroller/STM32F40x/STM32F4_RTOS/RTOS_workspace/common/ThirdParty/FreeRTOS/list.c" -mcpu=cortex-m4 -std=gnu11 -g3 -DUSE_HAL_DRIVER -DDEBUG -DSTM32F407xx -c -I../Drivers/CMSIS/Include -I../Drivers/STM32F4xx_HAL_Driver/Inc -I../Core/Inc -I../Drivers/CMSIS/Device/ST/STM32F4xx/Include -I../Drivers/STM32F4xx_HAL_Driver/Inc/Legacy -I"D:/Workspace/RTOS_workspace/common/ThirdParty/FreeRTOS/include" -I"D:/Workspace/RTOS_workspace/common/ThirdParty/FreeRTOS/portable/GCC/ARM_CM4F" -I"D:/Workspace/RTOS_workspace/common/ThirdParty/SEGGER/Config" -I"D:/Workspace/RTOS_workspace/common/ThirdParty/SEGGER/OS" -I"D:/Workspace/RTOS_workspace/common/ThirdParty/SEGGER/SEGGER" -O0 -ffunction-sections -fdata-sections -Wall -fstack-usage -fcyclomatic-complexity -MMD -MP -MF"common/ThirdParty/FreeRTOS/list.d" -MT"common/ThirdParty/FreeRTOS/list.o" --specs=nano.specs -mfpu=fpv4-sp-d16 -mfloat-abi=hard -mthumb -o "common/ThirdParty/FreeRTOS/list.o"
arm-none-eabi-gcc "D:/Microcontroller/STM32F40x/STM32F4_RTOS/RTOS_workspace/common/ThirdParty/FreeRTOS/queue.c" -mcpu=cortex-m4 -std=gnu11 -g3 -DUSE_HAL_DRIVER -DDEBUG -DSTM32F407xx -c -I../Drivers/CMSIS/Include -I../Drivers/STM32F4xx_HAL_Driver/Inc -I../Core/Inc -I../Drivers/CMSIS/Device/ST/STM32F4xx/Include -I../Drivers/STM32F4xx_HAL_Driver/Inc/Legacy -I"D:/Workspace/RTOS_workspace/common/ThirdParty/FreeRTOS/include" -I"D:/Workspace/RTOS_workspace/common/ThirdParty/FreeRTOS/portable/GCC/ARM_CM4F" -I"D:/Workspace/RTOS_workspace/common/ThirdParty/SEGGER/Config" -I"D:/Workspace/RTOS_workspace/common/ThirdParty/SEGGER/OS" -I"D:/Workspace/RTOS_workspace/common/ThirdParty/SEGGER/SEGGER" -O0 -ffunction-sections -fdata-sections -Wall -fstack-usage -fcyclomatic-complexity -MMD -MP -MF"common/ThirdParty/FreeRTOS/queue.d" -MT"common/ThirdParty/FreeRTOS/queue.o" --specs=nano.specs -mfpu=fpv4-sp-d16 -mfloat-abi=hard -mthumb -o "common/ThirdParty/FreeRTOS/queue.o"
arm-none-eabi-gcc "D:/Microcontroller/STM32F40x/STM32F4_RTOS/RTOS_workspace/common/ThirdParty/FreeRTOS/stream_buffer.c" -mcpu=cortex-m4 -std=gnu11 -g3 -DUSE_HAL_DRIVER -DDEBUG -DSTM32F407xx -c -I../Drivers/CMSIS/Include -I../Drivers/STM32F4xx_HAL_Driver/Inc -I../Core/Inc -I../Drivers/CMSIS/Device/ST/STM32F4xx/Include -I../Drivers/STM32F4xx_HAL_Driver/Inc/Legacy -I"D:/Workspace/RTOS_workspace/common/ThirdParty/FreeRTOS/include" -I"D:/Workspace/RTOS_workspace/common/ThirdParty/FreeRTOS/portable/GCC/ARM_CM4F" -I"D:/Workspace/RTOS_workspace/common/ThirdParty/SEGGER/Config" -I"D:/Workspace/RTOS_workspace/common/ThirdParty/SEGGER/OS" -I"D:/Workspace/RTOS_workspace/common/ThirdParty/SEGGER/SEGGER" -O0 -ffunction-sections -fdata-sections -Wall -fstack-usage -fcyclomatic-complexity -MMD -MP -MF"common/ThirdParty/FreeRTOS/stream_buffer.d" -MT"common/ThirdParty/FreeRTOS/stream_buffer.o" --specs=nano.specs -mfpu=fpv4-sp-d16 -mfloat-abi=hard -mthumb -o "common/ThirdParty/FreeRTOS/stream_buffer.o"
arm-none-eabi-gcc "D:/Microcontroller/STM32F40x/STM32F4_RTOS/RTOS_workspace/common/ThirdParty/FreeRTOS/tasks.c" -mcpu=cortex-m4 -std=gnu11 -g3 -DUSE_HAL_DRIVER -DDEBUG -DSTM32F407xx -c -I../Drivers/CMSIS/Include -I../Drivers/STM32F4xx_HAL_Driver/Inc -I../Core/Inc -I../Drivers/CMSIS/Device/ST/STM32F4xx/Include -I../Drivers/STM32F4xx_HAL_Driver/Inc/Legacy -I"D:/Workspace/RTOS_workspace/common/ThirdParty/FreeRTOS/include" -I"D:/Workspace/RTOS_workspace/common/ThirdParty/FreeRTOS/portable/GCC/ARM_CM4F" -I"D:/Workspace/RTOS_workspace/common/ThirdParty/SEGGER/Config" -I"D:/Workspace/RTOS_workspace/common/ThirdParty/SEGGER/OS" -I"D:/Workspace/RTOS_workspace/common/ThirdParty/SEGGER/SEGGER" -O0 -ffunction-sections -fdata-sections -Wall -fstack-usage -fcyclomatic-complexity -MMD -MP -MF"common/ThirdParty/FreeRTOS/tasks.d" -MT"common/ThirdParty/FreeRTOS/tasks.o" --specs=nano.specs -mfpu=fpv4-sp-d16 -mfloat-abi=hard -mthumb -o "common/ThirdParty/FreeRTOS/tasks.o"
arm-none-eabi-gcc "D:/Microcontroller/STM32F40x/STM32F4_RTOS/RTOS_workspace/common/ThirdParty/FreeRTOS/timers.c" -mcpu=cortex-m4 -std=gnu11 -g3 -DUSE_HAL_DRIVER -DDEBUG -DSTM32F407xx -c -I../Drivers/CMSIS/Include -I../Drivers/STM32F4xx_HAL_Driver/Inc -I../Core/Inc -I../Drivers/CMSIS/Device/ST/STM32F4xx/Include -I../Drivers/STM32F4xx_HAL_Driver/Inc/Legacy -I"D:/Workspace/RTOS_workspace/common/ThirdParty/FreeRTOS/include" -I"D:/Workspace/RTOS_workspace/common/ThirdParty/FreeRTOS/portable/GCC/ARM_CM4F" -I"D:/Workspace/RTOS_workspace/common/ThirdParty/SEGGER/Config" -I"D:/Workspace/RTOS_workspace/common/ThirdParty/SEGGER/OS" -I"D:/Workspace/RTOS_workspace/common/ThirdParty/SEGGER/SEGGER" -O0 -ffunction-sections -fdata-sections -Wall -fstack-usage -fcyclomatic-complexity -MMD -MP -MF"common/ThirdParty/FreeRTOS/timers.d" -MT"common/ThirdParty/FreeRTOS/timers.o" --specs=nano.specs -mfpu=fpv4-sp-d16 -mfloat-abi=hard -mthumb -o "common/ThirdParty/FreeRTOS/timers.o"
arm-none-eabi-gcc "../Drivers/STM32F4xx_HAL_Driver/Src/stm32f4xx_hal.c" -mcpu=cortex-m4 -std=gnu11 -g3 -DUSE_HAL_DRIVER -DDEBUG -DSTM32F407xx -c -I../Drivers/CMSIS/Include -I../Drivers/STM32F4xx_HAL_Driver/Inc -I../Core/Inc -I../Drivers/CMSIS/Device/ST/STM32F4xx/Include -I../Drivers/STM32F4xx_HAL_Driver/Inc/Legacy -I"D:/Workspace/RTOS_workspace/common/ThirdParty/FreeRTOS/include" -I"D:/Workspace/RTOS_workspace/common/ThirdParty/FreeRTOS/portable/GCC/ARM_CM4F" -I"D:/Workspace/RTOS_workspace/common/ThirdParty/SEGGER/Config" -I"D:/Workspace/RTOS_workspace/common/ThirdParty/SEGGER/OS" -I"D:/Workspace/RTOS_workspace/common/ThirdParty/SEGGER/SEGGER" -O0 -ffunction-sections -fdata-sections -Wall -fstack-usage -fcyclomatic-complexity -MMD -MP -MF"Drivers/STM32F4xx_HAL_Driver/Src/stm32f4xx_hal.d" -MT"Drivers/STM32F4xx_HAL_Driver/Src/stm32f4xx_hal.o" --specs=nano.specs -mfpu=fpv4-sp-d16 -mfloat-abi=hard -mthumb -o "Drivers/STM32F4xx_HAL_Driver/Src/stm32f4xx_hal.o"
arm-none-eabi-gcc "../Drivers/STM32F4xx_HAL_Driver/Src/stm32f4xx_hal_cortex.c" -mcpu=cortex-m4 -std=gnu11 -g3 -DUSE_HAL_DRIVER -DDEBUG -DSTM32F407xx -c -I../Drivers/CMSIS/Include -I../Drivers/STM32F4xx_HAL_Driver/Inc -I../Core/Inc -I../Drivers/CMSIS/Device/ST/STM32F4xx/Include -I../Drivers/STM32F4xx_HAL_Driver/Inc/Legacy -I"D:/Workspace/RTOS_workspace/common/ThirdParty/FreeRTOS/include" -I"D:/Workspace/RTOS_workspace/common/ThirdParty/FreeRTOS/portable/GCC/ARM_CM4F" -I"D:/Workspace/RTOS_workspace/common/ThirdParty/SEGGER/Config" -I"D:/Workspace/RTOS_workspace/common/ThirdParty/SEGGER/OS" -I"D:/Workspace/RTOS_workspace/common/ThirdParty/SEGGER/SEGGER" -O0 -ffunction-sections -fdata-sections -Wall -fstack-usage -fcyclomatic-complexity -MMD -MP -MF"Drivers/STM32F4xx_HAL_Driver/Src/stm32f4xx_hal_cortex.d" -MT"Drivers/STM32F4xx_HAL_Driver/Src/stm32f4xx_hal_cortex.o" --specs=nano.specs -mfpu=fpv4-sp-d16 -mfloat-abi=hard -mthumb -o "Drivers/STM32F4xx_HAL_Driver/Src/stm32f4xx_hal_cortex.o"
arm-none-eabi-gcc "../Drivers/STM32F4xx_HAL_Driver/Src/stm32f4xx_hal_dma.c" -mcpu=cortex-m4 -std=gnu11 -g3 -DUSE_HAL_DRIVER -DDEBUG -DSTM32F407xx -c -I../Drivers/CMSIS/Include -I../Drivers/STM32F4xx_HAL_Driver/Inc -I../Core/Inc -I../Drivers/CMSIS/Device/ST/STM32F4xx/Include -I../Drivers/STM32F4xx_HAL_Driver/Inc/Legacy -I"D:/Workspace/RTOS_workspace/common/ThirdParty/FreeRTOS/include" -I"D:/Workspace/RTOS_workspace/common/ThirdParty/FreeRTOS/portable/GCC/ARM_CM4F" -I"D:/Workspace/RTOS_workspace/common/ThirdParty/SEGGER/Config" -I"D:/Workspace/RTOS_workspace/common/ThirdParty/SEGGER/OS" -I"D:/Workspace/RTOS_workspace/common/ThirdParty/SEGGER/SEGGER" -O0 -ffunction-sections -fdata-sections -Wall -fstack-usage -fcyclomatic-complexity -MMD -MP -MF"Drivers/STM32F4xx_HAL_Driver/Src/stm32f4xx_hal_dma.d" -MT"Drivers/STM32F4xx_HAL_Driver/Src/stm32f4xx_hal_dma.o" --specs=nano.specs -mfpu=fpv4-sp-d16 -mfloat-abi=hard -mthumb -o "Drivers/STM32F4xx_HAL_Driver/Src/stm32f4xx_hal_dma.o"
D:/Microcontroller/STM32F40x/STM32F4_RTOS/RTOS_workspace/common/ThirdParty/FreeRTOS/portable/GCC/ARM_CM4F/port.c:32:10: fatal error: FreeRTOS.h: No such file or directory
   32 | #include "FreeRTOS.h"
      |          ^~~~~~~~~~~~
compilation terminated.
D:/Microcontroller/STM32F40x/STM32F4_RTOS/RTOS_workspace/common/ThirdParty/FreeRTOS/croutine.c:27:10: fatal error: FreeRTOS.h: No such file or directory
   27 | #include "FreeRTOS.h"
      |          ^~~~~~~~~~~~
compilation terminated.
make: *** [common/ThirdParty/FreeRTOS/portable/GCC/ARM_CM4F/subdir.mk:19: common/ThirdParty/FreeRTOS/portable/GCC/ARM_CM4F/port.o] Error 1
make: *** Waiting for unfinished jobs....
make: *** [common/ThirdParty/FreeRTOS/subdir.mk:37: common/ThirdParty/FreeRTOS/croutine.o] Error 1
D:/Microcontroller/STM32F40x/STM32F4_RTOS/RTOS_workspace/common/ThirdParty/FreeRTOS/portable/MemMang/heap_4.c:42:10: fatal error: FreeRTOS.h: No such file or directory
   42 | #include "FreeRTOS.h"
      |          ^~~~~~~~~~~~
compilation terminated.
make: *** [common/ThirdParty/FreeRTOS/portable/MemMang/subdir.mk:19: common/ThirdParty/FreeRTOS/portable/MemMang/heap_4.o] Error 1
D:/Microcontroller/STM32F40x/STM32F4_RTOS/RTOS_workspace/common/ThirdParty/FreeRTOS/event_groups.c:36:10: fatal error: FreeRTOS.h: No such file or directory
   36 | #include "FreeRTOS.h"
      |          ^~~~~~~~~~~~
compilation terminated.
D:/Microcontroller/STM32F40x/STM32F4_RTOS/RTOS_workspace/common/ThirdParty/FreeRTOS/list.c:35:10: fatal error: FreeRTOS.h: No such file or directory
   35 | #include "FreeRTOS.h"
      |          ^~~~~~~~~~~~
compilation terminated.
make: *** [common/ThirdParty/FreeRTOS/subdir.mk:39: common/ThirdParty/FreeRTOS/event_groups.o] Error 1
D:/Microcontroller/STM32F40x/STM32F4_RTOS/RTOS_workspace/common/ThirdParty/FreeRTOS/tasks.c:37:10: fatal error: FreeRTOS.h: No such file or directory
   37 | #include "FreeRTOS.h"
      |          ^~~~~~~~~~~~
compilation terminated.
make: *** [common/ThirdParty/FreeRTOS/subdir.mk:41: common/ThirdParty/FreeRTOS/list.o] Error 1
D:/Microcontroller/STM32F40x/STM32F4_RTOS/RTOS_workspace/common/ThirdParty/FreeRTOS/timers.c:35:10: fatal error: FreeRTOS.h: No such file or directory
   35 | #include "FreeRTOS.h"
      |          ^~~~~~~~~~~~
D:/Microcontroller/STM32F40x/STM32F4_RTOS/RTOS_workspace/common/ThirdParty/FreeRTOS/queue.c:35:10: fatal error: FreeRTOS.h: No such file or directory
   35 | #include "FreeRTOS.h"
      |          ^~~~~~~~~~~~
compilation terminated.
compilation terminated.
D:/Microcontroller/STM32F40x/STM32F4_RTOS/RTOS_workspace/common/ThirdParty/FreeRTOS/stream_buffer.c:37:10: fatal error: FreeRTOS.h: No such file or directory
   37 | #include "FreeRTOS.h"
      |          ^~~~~~~~~~~~
compilation terminated.
make: *** [common/ThirdParty/FreeRTOS/subdir.mk:45: common/ThirdParty/FreeRTOS/stream_buffer.o] Error 1
make: *** [common/ThirdParty/FreeRTOS/subdir.mk:47: common/ThirdParty/FreeRTOS/tasks.o] Error 1
make: *** [common/ThirdParty/FreeRTOS/subdir.mk:49: common/ThirdParty/FreeRTOS/timers.o] Error 1
make: *** [common/ThirdParty/FreeRTOS/subdir.mk:43: common/ThirdParty/FreeRTOS/queue.o] Error 1
"make -j12 all" terminated with exit code 2. Build might be incomplete.

21:28:30 Build Failed. 19 errors, 0 warnings. (took 913ms)

