2025-01-17 19:25:55,606 [INFO] Activator:176 - 


2025-01-17 19:25:55,610 [INFO] Activator:177 - !SESSION log4j initialized
2025-01-17 19:26:01,608 [INFO] LogOutputStream:77 - [STDOUT_REDIRECT] 
2025-01-17 19:26:05,032 [INFO] ApplicationProperties:184 - Using Application install path: C:\ST\STM32CubeIDE_1.17.0\STM32CubeIDE\plugins\com.st.stm32cube.common.mx_6.13.0.202411220809
2025-01-17 19:26:05,048 [INFO] DbMcusXml:78 - Set database path to: C:\ST\STM32CubeIDE_1.17.0\STM32CubeIDE\plugins\com.st.stm32cube.common.mx_6.13.0.202411220809\\db\/mcu/
2025-01-17 19:26:05,048 [INFO] ApiDb:274 - Set plugin database path to: C:\ST\STM32CubeIDE_1.17.0\STM32CubeIDE\plugins\com.st.stm32cube.common.mx_6.13.0.202411220809\\db\/plugins/boardmanager/
2025-01-17 19:26:05,050 [WARN] ApiDb:259 - Overriding images path with different value:  => C:\ST\STM32CubeIDE_1.17.0\STM32CubeIDE\plugins\com.st.stm32cube.common.mx_6.13.0.202411220809\\db\/plugins/mcufinder/images/
2025-01-17 19:26:05,061 [INFO] ApiDb:250 - Set database path to: C:\Users\Admin\.stmcufinder\plugins\mcufinder//mcu/
2025-01-17 19:26:05,063 [INFO] DbMcusAds:125 - Set database path to: C:\Users\Admin\.stmcufinder\plugins\mcufinder//mcu/
2025-01-17 19:26:05,065 [INFO] CrossReferenceDbSqlite:203 - Set database path to: C:\Users\Admin\.stmcufinder\plugins\mcufinder//mcu/cs/
2025-01-17 19:26:05,162 [INFO] RulesReader:64 - Compatibility file has been processed (297 Rules)
2025-01-17 19:26:05,226 [INFO] DbMcusXml:78 - Set database path to: C:\ST\STM32CubeIDE_1.17.0\STM32CubeIDE\plugins\com.st.stm32cube.common.mx_6.13.0.202411220809\\db\/mcu/
2025-01-17 19:26:05,226 [INFO] ApiDb:274 - Set plugin database path to: C:\ST\STM32CubeIDE_1.17.0\STM32CubeIDE\plugins\com.st.stm32cube.common.mx_6.13.0.202411220809\\db\/plugins/boardmanager/
2025-01-17 19:26:05,226 [INFO] ApiDb:261 - Set plugin images path to: C:\ST\STM32CubeIDE_1.17.0\STM32CubeIDE\plugins\com.st.stm32cube.common.mx_6.13.0.202411220809\\db\/plugins/mcufinder/images/
2025-01-17 19:26:05,226 [WARN] DbFile:41 - Overriding database path with different value: C:\Users\Admin\.stmcufinder\plugins\mcufinder/ => C:\Users\Admin\.stmcufinder\plugins\mcufinder
2025-01-17 19:26:05,226 [INFO] ApiDb:250 - Set database path to: C:\Users\Admin\.stmcufinder\plugins\mcufinder//mcu/
2025-01-17 19:26:05,226 [WARN] DbFile:41 - Overriding database path with different value: C:\Users\Admin\.stmcufinder\plugins\mcufinder/ => C:\Users\Admin\.stmcufinder\plugins\mcufinder
2025-01-17 19:26:05,226 [INFO] DbMcusAds:125 - Set database path to: C:\Users\Admin\.stmcufinder\plugins\mcufinder//mcu/
2025-01-17 19:26:05,226 [WARN] DbFile:41 - Overriding database path with different value: C:\Users\Admin\.stmcufinder\plugins\mcufinder/ => C:\Users\Admin\.stmcufinder\plugins\mcufinder
2025-01-17 19:26:05,226 [WARN] DbFile:41 - Overriding database path with different value: C:\Users\Admin\.stmcufinder\plugins\mcufinder/ => C:\Users\Admin\.stmcufinder\plugins\mcufinder
2025-01-17 19:26:05,226 [INFO] CrossReferenceDbSqlite:203 - Set database path to: C:\Users\Admin\.stmcufinder\plugins\mcufinder//mcu/cs/
2025-01-17 19:26:05,288 [INFO] MainPanel:272 - HeapMemory: 268435456
2025-01-17 19:26:05,391 [INFO] DbMcusXml:78 - Set database path to: C:\ST\STM32CubeIDE_1.17.0\STM32CubeIDE\plugins\com.st.stm32cube.common.mx_6.13.0.202411220809\\db\/mcu/
2025-01-17 19:26:05,391 [INFO] ApiDb:274 - Set plugin database path to: C:\ST\STM32CubeIDE_1.17.0\STM32CubeIDE\plugins\com.st.stm32cube.common.mx_6.13.0.202411220809\\db\/plugins/boardmanager/
2025-01-17 19:26:05,391 [INFO] ApiDb:261 - Set plugin images path to: C:\ST\STM32CubeIDE_1.17.0\STM32CubeIDE\plugins\com.st.stm32cube.common.mx_6.13.0.202411220809\\db\/plugins/mcufinder/images/
2025-01-17 19:26:05,391 [WARN] DbFile:41 - Overriding database path with different value: C:\Users\Admin\.stmcufinder\plugins\mcufinder/ => C:\Users\Admin\.stmcufinder\plugins\mcufinder
2025-01-17 19:26:05,391 [INFO] ApiDb:250 - Set database path to: C:\Users\Admin\.stmcufinder\plugins\mcufinder//mcu/
2025-01-17 19:26:05,391 [WARN] DbFile:41 - Overriding database path with different value: C:\Users\Admin\.stmcufinder\plugins\mcufinder/ => C:\Users\Admin\.stmcufinder\plugins\mcufinder
2025-01-17 19:26:05,391 [INFO] DbMcusAds:125 - Set database path to: C:\Users\Admin\.stmcufinder\plugins\mcufinder//mcu/
2025-01-17 19:26:05,391 [WARN] DbFile:41 - Overriding database path with different value: C:\Users\Admin\.stmcufinder\plugins\mcufinder/ => C:\Users\Admin\.stmcufinder\plugins\mcufinder
2025-01-17 19:26:05,391 [WARN] DbFile:41 - Overriding database path with different value: C:\Users\Admin\.stmcufinder\plugins\mcufinder/ => C:\Users\Admin\.stmcufinder\plugins\mcufinder
2025-01-17 19:26:05,391 [INFO] CrossReferenceDbSqlite:203 - Set database path to: C:\Users\Admin\.stmcufinder\plugins\mcufinder//mcu/cs/
2025-01-17 19:26:05,407 [INFO] ApplicationProperties:184 - Using Application install path: C:\ST\STM32CubeIDE_1.17.0\STM32CubeIDE\plugins\com.st.stm32cube.common.mx_6.13.0.202411220809
2025-01-17 19:26:05,408 [INFO] PluginManage:196 - Search for loadable plugins [exclusion list=, ]
2025-01-17 19:26:05,410 [INFO] PluginManage:310 - Check plugin analytics
2025-01-17 19:26:05,541 [INFO] AnalyticsPlugin:253 - Accepted Software Licenses: STM32CubeMX.6.13.0
2025-01-17 19:26:05,541 [INFO] AnalyticsPlugin:255 - Accepted CMSIS Pack Licenses: 
2025-01-17 19:26:05,541 [INFO] AnalyticsPlugin:257 - Accepted Firmware Licenses: FW.F4.1.28.0
2025-01-17 19:26:05,543 [INFO] PluginManage:359 - Loaded plugin analytics (category:tool,tabindex:-1)
2025-01-17 19:26:05,543 [INFO] PluginManage:310 - Check plugin cadmodel
2025-01-17 19:26:05,558 [INFO] CADModel:105 - Init CAD model plugin
2025-01-17 19:26:05,558 [INFO] PluginManage:359 - Loaded plugin cadmodel (category:power,tabindex:5)
2025-01-17 19:26:05,558 [INFO] PluginManage:310 - Check plugin clock
2025-01-17 19:26:05,576 [INFO] PluginManage:359 - Loaded plugin clock (category:base,tabindex:2)
2025-01-17 19:26:05,577 [INFO] PluginManage:310 - Check plugin ddr
2025-01-17 19:26:05,579 [INFO] PluginManage:359 - Loaded plugin ddr (category:tool,tabindex:6)
2025-01-17 19:26:05,579 [INFO] PluginManage:310 - Check plugin filemanager
2025-01-17 19:26:05,700 [INFO] PluginManage:359 - Loaded plugin filemanager (category:base,tabindex:10)
2025-01-17 19:26:05,700 [INFO] PluginManage:310 - Check plugin ipmanager
2025-01-17 19:26:05,706 [INFO] PluginManage:359 - Loaded plugin ipmanager (category:base,tabindex:5)
2025-01-17 19:26:05,706 [INFO] PluginManage:310 - Check plugin lpbam
2025-01-17 19:26:05,724 [INFO] PluginManage:359 - Loaded plugin lpbam (category:base,tabindex:0)
2025-01-17 19:26:05,724 [INFO] PluginManage:310 - Check plugin memorymap
2025-01-17 19:26:05,747 [INFO] PluginManage:359 - Loaded plugin memorymap (category:base,tabindex:4)
2025-01-17 19:26:05,748 [INFO] PluginManage:310 - Check plugin pinoutandconfiguration
2025-01-17 19:26:05,765 [INFO] PluginManage:359 - Loaded plugin pinoutandconfiguration (category:base,tabindex:1)
2025-01-17 19:26:05,766 [INFO] PluginManage:310 - Check plugin pinoutconfig
2025-01-17 19:26:05,851 [WARN] SupportedApi:132 - Cannot load RTOS API schema: s4s-elt-must-match.1: The content of 'definitions' must match (annotation?, (simpleType | complexType)?, (unique | key | keyref)*)). A problem was found starting at: attribute.
2025-01-17 19:26:05,970 [INFO] PluginManage:359 - Loaded plugin pinoutconfig (category:base,tabindex:0)
2025-01-17 19:26:05,970 [INFO] PluginManage:310 - Check plugin power
2025-01-17 19:26:05,989 [INFO] PluginManage:359 - Loaded plugin power (category:power,tabindex:4)
2025-01-17 19:26:05,989 [INFO] PluginManage:310 - Check plugin projectmanager
2025-01-17 19:26:06,003 [INFO] PluginManage:359 - Loaded plugin projectmanager (category:projectmanager,tabindex:4)
2025-01-17 19:26:06,003 [INFO] PluginManage:310 - Check plugin rif
2025-01-17 19:26:06,021 [INFO] PluginManage:359 - Loaded plugin rif (category:base,tabindex:3)
2025-01-17 19:26:06,021 [INFO] PluginManage:310 - Check plugin thirdparty
2025-01-17 19:26:06,286 [INFO] PluginManage:359 - Loaded plugin thirdparty (category:base,tabindex:-1)
2025-01-17 19:26:06,286 [WARN] IntegrityCheckThread:84 - waiting for thirdparty lock release [integrity check]
2025-01-17 19:26:06,286 [INFO] IntegrityCheckThread:86 - entering critical section [integrity check]
2025-01-17 19:26:06,286 [INFO] PluginManage:310 - Check plugin tools
2025-01-17 19:26:06,286 [INFO] ThirdPartyUpdaterWithRetryManager:70 - Updater plugin not ready yet. [1/15]
2025-01-17 19:26:06,323 [INFO] PluginManage:359 - Loaded plugin tools (category:base,tabindex:7)
2025-01-17 19:26:06,323 [INFO] PluginManage:310 - Check plugin tutovideos
2025-01-17 19:26:06,492 [INFO] PluginManage:359 - Loaded plugin tutovideos (category:base,tabindex:-1)
2025-01-17 19:26:06,492 [INFO] PluginManage:310 - Check plugin updater
2025-01-17 19:26:06,509 [INFO] PluginManage:359 - Loaded plugin updater (category:base,tabindex:12)
2025-01-17 19:26:06,509 [INFO] PluginManage:310 - Check plugin userauth
2025-01-17 19:26:06,513 [INFO] UserAuth:118 - Init User Auth plugin
2025-01-17 19:26:06,513 [INFO] PluginManage:359 - Loaded plugin userauth (category:base,tabindex:14)
2025-01-17 19:26:06,514 [INFO] PluginManage:283 - PluginManage : Loaded plugins [18]
2025-01-17 19:26:06,689 [INFO] PinOutPanel:1589 - setPackage(No Configuration,No Configuration)
2025-01-17 19:26:06,756 [INFO] CADModel:165 - CPN selected for project level
2025-01-17 19:26:06,758 [INFO] CADModel:114 - Register for checkConnection events
2025-01-17 19:26:06,786 [INFO] IPUIPlugin:80 - create IPUIPlugin
2025-01-17 19:26:06,786 [INFO] PluginManager:220 - loadIPPluginJar : add adc
2025-01-17 19:26:06,827 [INFO] IPUIPlugin:80 - create IPUIPlugin
2025-01-17 19:26:06,827 [INFO] PluginManager:220 - loadIPPluginJar : add aes
2025-01-17 19:26:06,874 [INFO] IPUIPlugin:80 - create IPUIPlugin
2025-01-17 19:26:06,874 [INFO] PluginManager:220 - loadIPPluginJar : add can
2025-01-17 19:26:06,901 [INFO] IPUIPlugin:80 - create IPUIPlugin
2025-01-17 19:26:06,901 [INFO] PluginManager:220 - loadIPPluginJar : add comp
2025-01-17 19:26:06,937 [INFO] IPUIPlugin:80 - create IPUIPlugin
2025-01-17 19:26:06,938 [INFO] PluginManager:220 - loadIPPluginJar : add cryp
2025-01-17 19:26:06,951 [INFO] IPUIPlugin:80 - create IPUIPlugin
2025-01-17 19:26:06,951 [INFO] PluginManager:220 - loadIPPluginJar : add ddr_ctrl_phy
2025-01-17 19:26:06,981 [INFO] IPUIPlugin:80 - create IPUIPlugin
2025-01-17 19:26:06,982 [INFO] PluginManager:220 - loadIPPluginJar : add dfsdm
2025-01-17 19:26:06,996 [INFO] IPUIPlugin:80 - create IPUIPlugin
2025-01-17 19:26:06,996 [INFO] PluginManager:220 - loadIPPluginJar : add dma
2025-01-17 19:26:07,035 [INFO] IPUIPlugin:80 - create IPUIPlugin
2025-01-17 19:26:07,035 [INFO] PluginManager:220 - loadIPPluginJar : add dma3
2025-01-17 19:26:07,084 [INFO] IPUIPlugin:80 - create IPUIPlugin
2025-01-17 19:26:07,085 [INFO] PluginManager:220 - loadIPPluginJar : add extmemmanager
2025-01-17 19:26:07,106 [INFO] IPUIPlugin:80 - create IPUIPlugin
2025-01-17 19:26:07,106 [INFO] PluginManager:220 - loadIPPluginJar : add fatfs
2025-01-17 19:26:07,154 [INFO] IPUIPlugin:80 - create IPUIPlugin
2025-01-17 19:26:07,154 [INFO] PluginManager:220 - loadIPPluginJar : add fmc
2025-01-17 19:26:07,169 [INFO] IPUIPlugin:80 - create IPUIPlugin
2025-01-17 19:26:07,169 [INFO] PluginManager:220 - loadIPPluginJar : add freertos
2025-01-17 19:26:07,191 [INFO] IPUIPlugin:80 - create IPUIPlugin
2025-01-17 19:26:07,191 [INFO] PluginManager:220 - loadIPPluginJar : add genericplugin
2025-01-17 19:26:07,281 [INFO] IPUIPlugin:80 - create IPUIPlugin
2025-01-17 19:26:07,281 [INFO] PluginManager:220 - loadIPPluginJar : add gfxmmu
2025-01-17 19:26:07,414 [INFO] IPUIPlugin:80 - create IPUIPlugin
2025-01-17 19:26:07,414 [INFO] PluginManager:220 - loadIPPluginJar : add gic
2025-01-17 19:26:07,427 [INFO] IPUIPlugin:80 - create IPUIPlugin
2025-01-17 19:26:07,427 [INFO] PluginManager:220 - loadIPPluginJar : add gpio
2025-01-17 19:26:07,516 [INFO] IPUIPlugin:80 - create IPUIPlugin
2025-01-17 19:26:07,516 [INFO] PluginManager:220 - loadIPPluginJar : add gtzc
2025-01-17 19:26:07,550 [INFO] IPUIPlugin:80 - create IPUIPlugin
2025-01-17 19:26:07,550 [INFO] PluginManager:220 - loadIPPluginJar : add hash
2025-01-17 19:26:07,603 [INFO] IPUIPlugin:80 - create IPUIPlugin
2025-01-17 19:26:07,603 [INFO] PluginManager:220 - loadIPPluginJar : add i2c
2025-01-17 19:26:07,648 [INFO] IPUIPlugin:80 - create IPUIPlugin
2025-01-17 19:26:07,648 [INFO] PluginManager:220 - loadIPPluginJar : add i2s
2025-01-17 19:26:07,693 [INFO] IPUIPlugin:80 - create IPUIPlugin
2025-01-17 19:26:07,693 [INFO] PluginManager:220 - loadIPPluginJar : add i3c
2025-01-17 19:26:07,790 [INFO] IPUIPlugin:80 - create IPUIPlugin
2025-01-17 19:26:07,790 [INFO] PluginManager:220 - loadIPPluginJar : add ipddr
2025-01-17 19:26:07,881 [INFO] IPUIPlugin:80 - create IPUIPlugin
2025-01-17 19:26:07,881 [INFO] PluginManager:220 - loadIPPluginJar : add linkedlist
2025-01-17 19:26:07,922 [INFO] IPUIPlugin:80 - create IPUIPlugin
2025-01-17 19:26:07,922 [INFO] PluginManager:220 - loadIPPluginJar : add lorawan
2025-01-17 19:26:07,961 [INFO] IPUIPlugin:80 - create IPUIPlugin
2025-01-17 19:26:07,961 [INFO] PluginManager:220 - loadIPPluginJar : add ltdc
2025-01-17 19:26:07,977 [INFO] IPUIPlugin:80 - create IPUIPlugin
2025-01-17 19:26:07,977 [INFO] PluginManager:220 - loadIPPluginJar : add mdma
2025-01-17 19:26:07,990 [INFO] IPUIPlugin:80 - create IPUIPlugin
2025-01-17 19:26:07,990 [INFO] PluginManager:220 - loadIPPluginJar : add nvic
2025-01-17 19:26:08,028 [INFO] IPUIPlugin:80 - create IPUIPlugin
2025-01-17 19:26:08,028 [INFO] PluginManager:220 - loadIPPluginJar : add opamp
2025-01-17 19:26:08,092 [INFO] IPUIPlugin:80 - create IPUIPlugin
2025-01-17 19:26:08,093 [INFO] PluginManager:220 - loadIPPluginJar : add openamp
2025-01-17 19:26:08,137 [INFO] IPUIPlugin:80 - create IPUIPlugin
2025-01-17 19:26:08,137 [INFO] PluginManager:220 - loadIPPluginJar : add pdm2pcm
2025-01-17 19:26:08,152 [INFO] IPUIPlugin:80 - create IPUIPlugin
2025-01-17 19:26:08,154 [INFO] PluginManager:220 - loadIPPluginJar : add plateformsettings
2025-01-17 19:26:08,178 [INFO] IPUIPlugin:80 - create IPUIPlugin
2025-01-17 19:26:08,178 [INFO] PluginManager:220 - loadIPPluginJar : add quadspi
2025-01-17 19:26:08,204 [INFO] IPUIPlugin:80 - create IPUIPlugin
2025-01-17 19:26:08,205 [INFO] PluginManager:220 - loadIPPluginJar : add radio
2025-01-17 19:26:08,218 [INFO] IPUIPlugin:80 - create IPUIPlugin
2025-01-17 19:26:08,218 [INFO] PluginManager:220 - loadIPPluginJar : add resmgrutility
2025-01-17 19:26:08,264 [INFO] IPUIPlugin:80 - create IPUIPlugin
2025-01-17 19:26:08,265 [INFO] PluginManager:220 - loadIPPluginJar : add sai
2025-01-17 19:26:08,300 [INFO] IPUIPlugin:80 - create IPUIPlugin
2025-01-17 19:26:08,301 [INFO] PluginManager:220 - loadIPPluginJar : add spi
2025-01-17 19:26:08,366 [INFO] IPUIPlugin:80 - create IPUIPlugin
2025-01-17 19:26:08,366 [INFO] PluginManager:220 - loadIPPluginJar : add stm32_wpan
2025-01-17 19:26:08,392 [INFO] IPUIPlugin:80 - create IPUIPlugin
2025-01-17 19:26:08,392 [INFO] PluginManager:220 - loadIPPluginJar : add tim
2025-01-17 19:26:08,452 [INFO] IPUIPlugin:80 - create IPUIPlugin
2025-01-17 19:26:08,452 [INFO] PluginManager:220 - loadIPPluginJar : add touchsensing
2025-01-17 19:26:08,476 [INFO] IPUIPlugin:80 - create IPUIPlugin
2025-01-17 19:26:08,476 [INFO] PluginManager:220 - loadIPPluginJar : add tracer_emb
2025-01-17 19:26:08,501 [INFO] IPUIPlugin:80 - create IPUIPlugin
2025-01-17 19:26:08,501 [INFO] PluginManager:220 - loadIPPluginJar : add ts
2025-01-17 19:26:08,525 [INFO] IPUIPlugin:80 - create IPUIPlugin
2025-01-17 19:26:08,525 [INFO] PluginManager:220 - loadIPPluginJar : add tsc
2025-01-17 19:26:08,548 [INFO] IPUIPlugin:80 - create IPUIPlugin
2025-01-17 19:26:08,548 [INFO] PluginManager:220 - loadIPPluginJar : add ucpd
2025-01-17 19:26:08,591 [INFO] IPUIPlugin:80 - create IPUIPlugin
2025-01-17 19:26:08,591 [INFO] PluginManager:220 - loadIPPluginJar : add usart
2025-01-17 19:26:08,635 [INFO] IPUIPlugin:80 - create IPUIPlugin
2025-01-17 19:26:08,635 [INFO] PluginManager:220 - loadIPPluginJar : add usbx
2025-01-17 19:26:08,747 [FATAL] Updater:351 - Updater called before beeing initialized
2025-01-17 19:26:08,768 [INFO] RulesReader:64 - Compatibility file has been processed (297 Rules)
2025-01-17 19:26:08,775 [INFO] RulesReader:64 - Compatibility file has been processed (297 Rules)
2025-01-17 19:26:08,781 [INFO] CADModel:165 - CPN selected for project level
2025-01-17 19:26:08,782 [INFO] CADModel:114 - Register for checkConnection events
2025-01-17 19:26:08,782 [FATAL] Updater:351 - Updater called before beeing initialized
2025-01-17 19:26:08,782 [ERROR] CADModel:125 - Updater not yet initialized, retry later 
2025-01-17 19:26:08,903 [FATAL] Updater:351 - Updater called before beeing initialized
2025-01-17 19:26:08,905 [INFO] CADModel:165 - CPN selected for project level
2025-01-17 19:26:08,905 [INFO] CADModel:114 - Register for checkConnection events
2025-01-17 19:26:08,905 [FATAL] Updater:351 - Updater called before beeing initialized
2025-01-17 19:26:08,905 [ERROR] CADModel:125 - Updater not yet initialized, retry later 
2025-01-17 19:26:08,908 [FATAL] Updater:351 - Updater called before beeing initialized
2025-01-17 19:26:08,980 [FATAL] Updater:351 - Updater called before beeing initialized
2025-01-17 19:26:08,990 [INFO] DbMcusAds:53 - JSON generation date=Tue Dec 17 23:01:15 ICT 2024 (1734451275143)
2025-01-17 19:26:08,990 [FATAL] Updater:351 - Updater called before beeing initialized
2025-01-17 19:26:09,025 [WARN] DetailPanel:346 - Failed to get advertising image, set to default
2025-01-17 19:26:09,241 [FATAL] Updater:351 - Updater called before beeing initialized
2025-01-17 19:26:09,243 [FATAL] Updater:351 - Updater called before beeing initialized
2025-01-17 19:26:09,243 [FATAL] Updater:351 - Updater called before beeing initialized
2025-01-17 19:26:09,244 [WARN] DetailPanel:346 - Failed to get advertising image, set to default
2025-01-17 19:26:09,245 [FATAL] Updater:351 - Updater called before beeing initialized
2025-01-17 19:26:09,288 [INFO] ThirdPartyUpdaterWithRetryManager:70 - Updater plugin not ready yet. [2/15]
2025-01-17 19:26:09,292 [ERROR] Updater:1198 - MainUpdater not yet initialized. External WinMGr cannot be set.
2025-01-17 19:26:09,303 [INFO] Updater:1134 - Updater Version found : 6.13.0
2025-01-17 19:26:09,318 [INFO] ApplicationProperties:184 - Using Application install path: C:\ST\STM32CubeIDE_1.17.0\STM32CubeIDE\plugins\com.st.stm32cube.common.mx_6.13.0.202411220809
2025-01-17 19:26:10,898 [ERROR] LogOutputStream:75 - [STDERR_REDIRECT] Jan 17, 2025 7:26:10 PM java.util.prefs.WindowsPreferences <init>
2025-01-17 19:26:10,899 [ERROR] LogOutputStream:75 - [STDERR_REDIRECT] WARNING: Could not open/create prefs root node Software\JavaSoft\Prefs at root 0xffffffff80000002. Windows RegCreateKeyEx(...) returned error code 5.
2025-01-17 19:26:10,899 [ERROR] LogOutputStream:75 - [STDERR_REDIRECT] 
2025-01-17 19:26:11,233 [INFO] MainUpdater:2872 - connection check result : 10
2025-01-17 19:26:11,234 [INFO] MainUpdater:289 - Updater Check For Update Now.
2025-01-17 19:26:11,234 [INFO] MicroXplorer:498 - Change Database Version : DB.6.0.130
2025-01-17 19:26:11,247 [INFO] McuFinderGlobals:63 - Set McuFinder mode to 2 (CubeIDE integrated)
2025-01-17 19:26:11,254 [INFO] UserAuth:486 - Internet connection configuration mode: 1
2025-01-17 19:26:11,278 [INFO] JxBrowserEngine:152 - Initiate JxBrowser Engine with user profile folder
2025-01-17 19:26:11,457 [INFO] CheckServerUpdateThread:120 - End of CheckServer Thread
2025-01-17 19:26:12,162 [INFO] WebApp:168 - Instantiating new browser for Auth
2025-01-17 19:26:12,471 [WARN] PackLoader:240 - Cannot read IP mode file for STMicroelectronics.FP-SNS-MOTENVWB1.1.4.0
2025-01-17 19:26:12,488 [WARN] PackLoader:240 - Cannot read IP mode file for STMicroelectronics.FP-ATR-ASTRA1.2.0.1
2025-01-17 19:26:12,504 [WARN] PackLoader:240 - Cannot read IP mode file for STMicroelectronics.X-CUBE-SMBUS.2.1.0
2025-01-17 19:26:12,527 [WARN] PackLoader:240 - Cannot read IP mode file for STMicroelectronics.X-CUBE-WB05N.1.1.0
2025-01-17 19:26:12,573 [WARN] PackLoader:240 - Cannot read IP mode file for STMicroelectronics.X-CUBE-AZRTOS-F7.1.1.0
2025-01-17 19:26:12,591 [WARN] PackLoader:240 - Cannot read IP mode file for STMicroelectronics.FP-SNS-FLIGHT1.5.0.2
2025-01-17 19:26:12,632 [WARN] PackLoader:240 - Cannot read IP mode file for Infineon.AIROC-Wi-Fi-Bluetooth-STM32.1.7.0
2025-01-17 19:26:12,654 [WARN] PackLoader:240 - Cannot read IP mode file for STMicroelectronics.X-CUBE-DISPLAY.3.0.0
2025-01-17 19:26:12,676 [WARN] PackLoader:240 - Cannot read IP mode file for STMicroelectronics.X-CUBE-BLE1.7.0.0
2025-01-17 19:26:12,692 [WARN] PackLoader:240 - Cannot read IP mode file for STMicroelectronics.X-CUBE-NFC10.1.0.0
2025-01-17 19:26:12,719 [WARN] PackLoader:240 - Cannot read IP mode file for STMicroelectronics.X-CUBE-BLEMGR.4.0.0
2025-01-17 19:26:12,742 [WARN] PackLoader:240 - Cannot read IP mode file for emotas.I-CUBE-CANOPEN.1.3.0
2025-01-17 19:26:12,761 [WARN] PackLoader:240 - Cannot read IP mode file for STMicroelectronics.FP-SNS-SMARTAG2.1.2.0
2025-01-17 19:26:12,832 [WARN] PackLoader:240 - Cannot read IP mode file for STMicroelectronics.X-CUBE-MEMS1.11.1.0
2025-01-17 19:26:12,837 [INFO] WebApp:449 - Apply proxy settings
2025-01-17 19:26:12,837 [INFO] WebApp:534 - Chromium requires no authentication
2025-01-17 19:26:12,850 [INFO] WebApp:477 - Direct internet connection detected
2025-01-17 19:26:12,888 [INFO] WebApp:880 - Register for checkConnection events
2025-01-17 19:26:12,888 [INFO] WebApp:449 - Apply proxy settings
2025-01-17 19:26:12,889 [INFO] WebApp:534 - Chromium requires no authentication
2025-01-17 19:26:12,890 [INFO] WebApp:477 - Direct internet connection detected
2025-01-17 19:26:12,967 [INFO] LogOutputStream:77 - [STDOUT_REDIRECT] 1 : Invalid condition id : UX_CORESTACK_Condition cause : null
2025-01-17 19:26:12,968 [INFO] LogOutputStream:77 - [STDOUT_REDIRECT] 1 : Invalid condition id : UX_CORESTACK_Condition cause : null
2025-01-17 19:26:12,969 [INFO] LogOutputStream:77 - [STDOUT_REDIRECT] 1 : Invalid condition id : UX_CORESTACK_Condition cause : null
2025-01-17 19:26:12,970 [INFO] LogOutputStream:77 - [STDOUT_REDIRECT] 1 : Invalid condition id : UX_CORESTACK_Condition cause : null
2025-01-17 19:26:12,971 [INFO] LogOutputStream:77 - [STDOUT_REDIRECT] 1 : Invalid condition id : UX_CORESTACK_Condition cause : null
2025-01-17 19:26:12,973 [WARN] PackLoader:240 - Cannot read IP mode file for STMicroelectronics.X-CUBE-AZRTOS-WL.2.0.0
2025-01-17 19:26:12,992 [WARN] PackLoader:240 - Cannot read IP mode file for STMicroelectronics.FP-SNS-MOTENV1.5.0.0
2025-01-17 19:26:12,998 [WARN] PackLoader:240 - Cannot read IP mode file for wolfSSL.I-CUBE-wolfMQTT.1.19.0
2025-01-17 19:26:13,012 [WARN] PackLoader:240 - Cannot read IP mode file for WES.I-CUBE-Cesium.1.3.0
2025-01-17 19:26:13,027 [WARN] PackLoader:240 - Cannot read IP mode file for STMicroelectronics.X-CUBE-BLE2.3.3.0
2025-01-17 19:26:13,041 [WARN] PackLoader:240 - Cannot read IP mode file for STMicroelectronics.X-CUBE-NFC9.1.0.0
2025-01-17 19:26:13,066 [WARN] PackLoader:240 - Cannot read IP mode file for STMicroelectronics.X-CUBE-AZRTOS-G0.1.1.0
2025-01-17 19:26:13,083 [WARN] PackLoader:240 - Cannot read IP mode file for STMicroelectronics.X-CUBE-SAFEA1.1.2.2
2025-01-17 19:26:13,097 [INFO] WebApp:221 - Starting web application
2025-01-17 19:26:13,097 [INFO] WebApp:579 - Web application path used C:\ST\STM32CubeIDE_1.17.0\STM32CubeIDE\plugins\com.st.stm32cube.common.mx_6.13.0.202411220809\db\plugins\mcufinder\reactClient1\index.html
2025-01-17 19:26:13,100 [WARN] PackLoader:240 - Cannot read IP mode file for STMicroelectronics.X-CUBE-NFC4.3.0.0
2025-01-17 19:26:13,123 [WARN] PackLoader:240 - Cannot read IP mode file for EmbeddedOffice.I-CUBE-FS-RTOS.1.0.1
2025-01-17 19:26:13,143 [WARN] PackLoader:240 - Cannot read IP mode file for STMicroelectronics.X-CUBE-TCPP.4.2.0
2025-01-17 19:26:13,159 [WARN] PackLoader:240 - Cannot read IP mode file for RealThread.X-CUBE-RT-Thread_Nano.4.1.1
2025-01-17 19:26:13,176 [WARN] PackLoader:240 - Cannot read IP mode file for STMicroelectronics.FP-ATR-SIGFOX1.3.2.0
2025-01-17 19:26:13,196 [WARN] ConditionMgr:438 - getConditionDescription Invalid condition id : Cortex-A Device cause : null
2025-01-17 19:26:13,222 [WARN] ConditionMgr:1044 - genDependencies : Invalid condition id : Cortex-A Device cause : null
2025-01-17 19:26:13,222 [WARN] ConditionMgr:1044 - genDependencies : Invalid condition id : Cortex-A Device cause : null
2025-01-17 19:26:13,222 [WARN] ConditionMgr:1044 - genDependencies : Invalid condition id : Cortex-A Device cause : null
2025-01-17 19:26:13,234 [INFO] WebApp:187 - Connection restablished
2025-01-17 19:26:13,239 [WARN] PackLoader:240 - Cannot read IP mode file for STMicroelectronics.X-CUBE-EEPRMA1.5.1.0
2025-01-17 19:26:13,254 [WARN] PackLoader:240 - Cannot read IP mode file for wolfSSL.I-CUBE-wolfSSL.5.7.4
2025-01-17 19:26:13,268 [WARN] PackLoader:240 - Cannot read IP mode file for ITTIA_DB.I-CUBE-ITTIADB.8.9.0
2025-01-17 19:26:13,286 [INFO] UserAuth:486 - Internet connection configuration mode: 1
2025-01-17 19:26:13,303 [WARN] PackLoader:240 - Cannot read IP mode file for SEGGER.I-CUBE-embOS.1.3.1
2025-01-17 19:26:13,349 [WARN] PackLoader:240 - Cannot read IP mode file for STMicroelectronics.X-CUBE-ALGOBUILD.1.4.0
2025-01-17 19:26:13,369 [WARN] PackLoader:240 - Cannot read IP mode file for STMicroelectronics.X-CUBE-AI.9.1.0
2025-01-17 19:26:13,404 [WARN] PackLoader:240 - Cannot read IP mode file for STMicroelectronics.X-CUBE-AZRTOS-F4.1.1.0
2025-01-17 19:26:13,421 [WARN] PackLoader:240 - Cannot read IP mode file for STMicroelectronics.X-CUBE-ISPU.2.1.0
2025-01-17 19:26:13,450 [WARN] PackLoader:240 - Cannot read IP mode file for STMicroelectronics.X-CUBE-AZRTOS-L5.2.0.0
2025-01-17 19:26:13,476 [WARN] PackLoader:240 - Cannot read IP mode file for STMicroelectronics.X-CUBE-NFC6.3.1.0
2025-01-17 19:26:13,494 [WARN] PackLoader:240 - Cannot read IP mode file for STMicroelectronics.X-CUBE-DPower.1.2.0
2025-01-17 19:26:13,506 [WARN] PackLoader:240 - Cannot read IP mode file for STMicroelectronics.X-CUBE-FREERTOS.1.3.0
2025-01-17 19:26:13,522 [WARN] PackLoader:240 - Cannot read IP mode file for STMicroelectronics.X-CUBE-NFC7.1.0.1
2025-01-17 19:26:13,547 [WARN] ConditionMgr:438 - getConditionDescription Invalid condition id : LAN8742 Phy interface Condition cause : null
2025-01-17 19:26:13,548 [WARN] PackLoader:240 - Cannot read IP mode file for STMicroelectronics.X-CUBE-AZRTOS-L4.2.0.0
2025-01-17 19:26:13,549 [WARN] ConditionMgr:1044 - genDependencies : Invalid condition id : LAN8742 Phy interface Condition cause : null
2025-01-17 19:26:13,549 [WARN] ConditionMgr:1044 - genDependencies : Invalid condition id : LAN8742 Phy interface Condition cause : null
2025-01-17 19:26:13,550 [WARN] ConditionMgr:1044 - genDependencies : Invalid condition id : LAN8742 Phy interface Condition cause : null
2025-01-17 19:26:13,567 [WARN] PackLoader:240 - Cannot read IP mode file for STMicroelectronics.X-CUBE-SFXS2LP1.4.0.0
2025-01-17 19:26:13,592 [WARN] PackLoader:240 - Cannot read IP mode file for STMicroelectronics.X-CUBE-AZRTOS-H7.3.3.0
2025-01-17 19:26:13,611 [WARN] PackLoader:240 - Cannot read IP mode file for STMicroelectronics.X-CUBE-IPS.3.0.0
2025-01-17 19:26:13,639 [WARN] ConditionMgr:438 - getConditionDescription Invalid condition id : UX DEVICE CLASS RTOS Condition cause : null
2025-01-17 19:26:13,640 [WARN] ConditionMgr:438 - getConditionDescription Invalid condition id : UX DEVICE CLASS RTOS Condition cause : null
2025-01-17 19:26:13,641 [WARN] PackLoader:240 - Cannot read IP mode file for STMicroelectronics.X-CUBE-AZRTOS-WB.2.0.0
2025-01-17 19:26:13,642 [WARN] ConditionMgr:1044 - genDependencies : Invalid condition id : UX DEVICE CLASS RTOS Condition cause : null
2025-01-17 19:26:13,642 [WARN] ConditionMgr:1044 - genDependencies : Invalid condition id : UX DEVICE CLASS RTOS Condition cause : null
2025-01-17 19:26:13,642 [WARN] ConditionMgr:1044 - genDependencies : Invalid condition id : UX DEVICE CLASS RTOS Condition cause : null
2025-01-17 19:26:13,642 [WARN] ConditionMgr:1044 - genDependencies : Invalid condition id : UX DEVICE CLASS RTOS Condition cause : null
2025-01-17 19:26:13,643 [WARN] ConditionMgr:1044 - genDependencies : Invalid condition id : UX DEVICE CLASS RTOS Condition cause : null
2025-01-17 19:26:13,665 [WARN] PackLoader:240 - Cannot read IP mode file for STMicroelectronics.X-CUBE-GNSS1.7.0.1
2025-01-17 19:26:13,699 [WARN] PackLoader:240 - Cannot read IP mode file for STMicroelectronics.FP-SNS-STBOX1.2.0.0
2025-01-17 19:26:13,745 [WARN] PackLoader:240 - Cannot read IP mode file for STMicroelectronics.X-CUBE-SUBG2.5.0.0
2025-01-17 19:26:13,767 [WARN] PackLoader:240 - Cannot read IP mode file for Cesanta.I-CUBE-Mongoose.7.13.0
2025-01-17 19:26:13,808 [WARN] PackLoader:240 - Cannot read IP mode file for STMicroelectronics.X-CUBE-AZRTOS-G4.2.0.0
2025-01-17 19:26:13,832 [WARN] PackLoader:240 - Cannot read IP mode file for STMicroelectronics.X-CUBE-IPS.3.1.0
2025-01-17 19:26:13,852 [WARN] PackLoader:240 - Cannot read IP mode file for STMicroelectronics.X-CUBE-ALS.1.0.2
2025-01-17 19:26:13,869 [WARN] PackLoader:240 - Cannot read IP mode file for STMicroelectronics.X-CUBE-TOUCHGFX.4.24.2
2025-01-17 19:26:13,883 [WARN] PackLoader:240 - Cannot read IP mode file for STMicroelectronics.X-CUBE-TOUCHGFX.4.24.1
2025-01-17 19:26:13,894 [WARN] PackLoader:240 - Cannot read IP mode file for wolfSSL.I-CUBE-wolfTPM.3.4.0
2025-01-17 19:26:13,907 [WARN] PackLoader:240 - Cannot read IP mode file for portGmbH.I-Cube-SoM-uGOAL.1.1.0
2025-01-17 19:26:13,933 [WARN] PackLoader:240 - Cannot read IP mode file for STMicroelectronics.X-CUBE-AZRTOS-H7RS.1.0.0
2025-01-17 19:26:13,950 [WARN] PackLoader:240 - Cannot read IP mode file for STMicroelectronics.X-CUBE-TOF1.3.4.2
2025-01-17 19:26:13,966 [WARN] PackLoader:240 - Cannot read IP mode file for wolfSSL.I-CUBE-wolfSSH.1.4.17
2025-01-17 19:26:13,967 [INFO] ThirdParty:978 - Integrity check success = true
2025-01-17 19:26:13,967 [INFO] IntegrityCheckThread:100 - exiting critical section [integrity check]
2025-01-17 19:26:13,967 [INFO] IntegrityCheckThread:103 - End integrity checks thread
2025-01-17 19:26:16,656 [ERROR] LogOutputStream:75 - [STDERR_REDIRECT] 
