2025-02-13 11:03:23,870 [INFO] Activator:176 - 


2025-02-13 11:03:23,876 [INFO] Activator:177 - !SESSION log4j initialized
2025-02-13 11:03:31,253 [INFO] LogOutputStream:77 - [STDOUT_REDIRECT] 
2025-02-13 11:03:44,582 [ERROR] ConfigurationRetriever:142 - IOException on connection: Read timed out
2025-02-13 11:03:46,593 [ERROR] ConfigurationRetriever:142 - IOException on connection: Read timed out
2025-02-13 11:03:48,596 [ERROR] ConfigurationRetriever:142 - IOException on connection: Read timed out
2025-02-13 11:03:56,112 [INFO] ApplicationProperties:184 - Using Application install path: C:\ST\STM32CubeIDE_1.17.0\STM32CubeIDE\plugins\com.st.stm32cube.common.mx_6.13.0.202411220809
2025-02-13 11:03:56,134 [INFO] DbMcusXml:78 - Set database path to: C:\ST\STM32CubeIDE_1.17.0\STM32CubeIDE\plugins\com.st.stm32cube.common.mx_6.13.0.202411220809\\db\/mcu/
2025-02-13 11:03:56,134 [INFO] ApiDb:274 - Set plugin database path to: C:\ST\STM32CubeIDE_1.17.0\STM32CubeIDE\plugins\com.st.stm32cube.common.mx_6.13.0.202411220809\\db\/plugins/boardmanager/
2025-02-13 11:03:56,135 [WARN] ApiDb:259 - Overriding images path with different value:  => C:\ST\STM32CubeIDE_1.17.0\STM32CubeIDE\plugins\com.st.stm32cube.common.mx_6.13.0.202411220809\\db\/plugins/mcufinder/images/
2025-02-13 11:03:56,150 [INFO] ApiDb:250 - Set database path to: C:\Users\Admin\.stmcufinder\plugins\mcufinder//mcu/
2025-02-13 11:03:56,151 [INFO] DbMcusAds:125 - Set database path to: C:\Users\Admin\.stmcufinder\plugins\mcufinder//mcu/
2025-02-13 11:04:07,185 [INFO] CrossReferenceDbSqlite:203 - Set database path to: C:\Users\Admin\.stmcufinder\plugins\mcufinder//mcu/cs/
2025-02-13 11:04:07,324 [INFO] RulesReader:64 - Compatibility file has been processed (297 Rules)
2025-02-13 11:04:07,422 [INFO] DbMcusXml:78 - Set database path to: C:\ST\STM32CubeIDE_1.17.0\STM32CubeIDE\plugins\com.st.stm32cube.common.mx_6.13.0.202411220809\\db\/mcu/
2025-02-13 11:04:07,422 [INFO] ApiDb:274 - Set plugin database path to: C:\ST\STM32CubeIDE_1.17.0\STM32CubeIDE\plugins\com.st.stm32cube.common.mx_6.13.0.202411220809\\db\/plugins/boardmanager/
2025-02-13 11:04:07,422 [INFO] ApiDb:261 - Set plugin images path to: C:\ST\STM32CubeIDE_1.17.0\STM32CubeIDE\plugins\com.st.stm32cube.common.mx_6.13.0.202411220809\\db\/plugins/mcufinder/images/
2025-02-13 11:04:07,423 [WARN] DbFile:41 - Overriding database path with different value: C:\Users\Admin\.stmcufinder\plugins\mcufinder/ => C:\Users\Admin\.stmcufinder\plugins\mcufinder
2025-02-13 11:04:07,423 [INFO] ApiDb:250 - Set database path to: C:\Users\Admin\.stmcufinder\plugins\mcufinder//mcu/
2025-02-13 11:04:07,423 [WARN] DbFile:41 - Overriding database path with different value: C:\Users\Admin\.stmcufinder\plugins\mcufinder/ => C:\Users\Admin\.stmcufinder\plugins\mcufinder
2025-02-13 11:04:07,423 [INFO] DbMcusAds:125 - Set database path to: C:\Users\Admin\.stmcufinder\plugins\mcufinder//mcu/
2025-02-13 11:04:07,423 [WARN] DbFile:41 - Overriding database path with different value: C:\Users\Admin\.stmcufinder\plugins\mcufinder/ => C:\Users\Admin\.stmcufinder\plugins\mcufinder
2025-02-13 11:04:07,423 [WARN] DbFile:41 - Overriding database path with different value: C:\Users\Admin\.stmcufinder\plugins\mcufinder/ => C:\Users\Admin\.stmcufinder\plugins\mcufinder
2025-02-13 11:04:07,423 [INFO] CrossReferenceDbSqlite:203 - Set database path to: C:\Users\Admin\.stmcufinder\plugins\mcufinder//mcu/cs/
2025-02-13 11:04:07,507 [INFO] MainPanel:272 - HeapMemory: 268435456
2025-02-13 11:04:07,641 [INFO] DbMcusXml:78 - Set database path to: C:\ST\STM32CubeIDE_1.17.0\STM32CubeIDE\plugins\com.st.stm32cube.common.mx_6.13.0.202411220809\\db\/mcu/
2025-02-13 11:04:07,642 [INFO] ApiDb:274 - Set plugin database path to: C:\ST\STM32CubeIDE_1.17.0\STM32CubeIDE\plugins\com.st.stm32cube.common.mx_6.13.0.202411220809\\db\/plugins/boardmanager/
2025-02-13 11:04:07,642 [INFO] ApiDb:261 - Set plugin images path to: C:\ST\STM32CubeIDE_1.17.0\STM32CubeIDE\plugins\com.st.stm32cube.common.mx_6.13.0.202411220809\\db\/plugins/mcufinder/images/
2025-02-13 11:04:07,642 [WARN] DbFile:41 - Overriding database path with different value: C:\Users\Admin\.stmcufinder\plugins\mcufinder/ => C:\Users\Admin\.stmcufinder\plugins\mcufinder
2025-02-13 11:04:07,642 [INFO] ApiDb:250 - Set database path to: C:\Users\Admin\.stmcufinder\plugins\mcufinder//mcu/
2025-02-13 11:04:07,642 [WARN] DbFile:41 - Overriding database path with different value: C:\Users\Admin\.stmcufinder\plugins\mcufinder/ => C:\Users\Admin\.stmcufinder\plugins\mcufinder
2025-02-13 11:04:07,642 [INFO] DbMcusAds:125 - Set database path to: C:\Users\Admin\.stmcufinder\plugins\mcufinder//mcu/
2025-02-13 11:04:07,642 [WARN] DbFile:41 - Overriding database path with different value: C:\Users\Admin\.stmcufinder\plugins\mcufinder/ => C:\Users\Admin\.stmcufinder\plugins\mcufinder
2025-02-13 11:04:07,642 [WARN] DbFile:41 - Overriding database path with different value: C:\Users\Admin\.stmcufinder\plugins\mcufinder/ => C:\Users\Admin\.stmcufinder\plugins\mcufinder
2025-02-13 11:04:07,642 [INFO] CrossReferenceDbSqlite:203 - Set database path to: C:\Users\Admin\.stmcufinder\plugins\mcufinder//mcu/cs/
2025-02-13 11:04:07,663 [INFO] ApplicationProperties:184 - Using Application install path: C:\ST\STM32CubeIDE_1.17.0\STM32CubeIDE\plugins\com.st.stm32cube.common.mx_6.13.0.202411220809
2025-02-13 11:04:07,666 [INFO] PluginManage:196 - Search for loadable plugins [exclusion list=, ]
2025-02-13 11:04:07,668 [INFO] PluginManage:310 - Check plugin analytics
2025-02-13 11:04:07,853 [INFO] AnalyticsPlugin:253 - Accepted Software Licenses: STM32CubeMX.6.13.0
2025-02-13 11:04:07,854 [INFO] AnalyticsPlugin:255 - Accepted CMSIS Pack Licenses: 
2025-02-13 11:04:07,854 [INFO] AnalyticsPlugin:257 - Accepted Firmware Licenses: FW.F4.1.28.0
2025-02-13 11:04:07,857 [INFO] PluginManage:359 - Loaded plugin analytics (category:tool,tabindex:-1)
2025-02-13 11:04:07,857 [INFO] PluginManage:310 - Check plugin cadmodel
2025-02-13 11:04:07,878 [INFO] CADModel:105 - Init CAD model plugin
2025-02-13 11:04:07,878 [INFO] PluginManage:359 - Loaded plugin cadmodel (category:power,tabindex:5)
2025-02-13 11:04:07,878 [INFO] PluginManage:310 - Check plugin clock
2025-02-13 11:04:07,905 [INFO] PluginManage:359 - Loaded plugin clock (category:base,tabindex:2)
2025-02-13 11:04:07,905 [INFO] PluginManage:310 - Check plugin ddr
2025-02-13 11:04:07,908 [INFO] PluginManage:359 - Loaded plugin ddr (category:tool,tabindex:6)
2025-02-13 11:04:07,909 [INFO] PluginManage:310 - Check plugin filemanager
2025-02-13 11:04:08,070 [INFO] PluginManage:359 - Loaded plugin filemanager (category:base,tabindex:10)
2025-02-13 11:04:08,071 [INFO] PluginManage:310 - Check plugin ipmanager
2025-02-13 11:04:08,080 [INFO] PluginManage:359 - Loaded plugin ipmanager (category:base,tabindex:5)
2025-02-13 11:04:08,080 [INFO] PluginManage:310 - Check plugin lpbam
2025-02-13 11:04:08,101 [INFO] PluginManage:359 - Loaded plugin lpbam (category:base,tabindex:0)
2025-02-13 11:04:08,101 [INFO] PluginManage:310 - Check plugin memorymap
2025-02-13 11:04:08,129 [INFO] PluginManage:359 - Loaded plugin memorymap (category:base,tabindex:4)
2025-02-13 11:04:08,130 [INFO] PluginManage:310 - Check plugin pinoutandconfiguration
2025-02-13 11:04:08,151 [INFO] PluginManage:359 - Loaded plugin pinoutandconfiguration (category:base,tabindex:1)
2025-02-13 11:04:08,151 [INFO] PluginManage:310 - Check plugin pinoutconfig
2025-02-13 11:04:08,278 [WARN] SupportedApi:132 - Cannot load RTOS API schema: s4s-elt-must-match.1: The content of 'definitions' must match (annotation?, (simpleType | complexType)?, (unique | key | keyref)*)). A problem was found starting at: attribute.
2025-02-13 11:04:08,451 [INFO] PluginManage:359 - Loaded plugin pinoutconfig (category:base,tabindex:0)
2025-02-13 11:04:08,451 [INFO] PluginManage:310 - Check plugin power
2025-02-13 11:04:08,481 [INFO] PluginManage:359 - Loaded plugin power (category:power,tabindex:4)
2025-02-13 11:04:08,481 [INFO] PluginManage:310 - Check plugin projectmanager
2025-02-13 11:04:08,497 [INFO] PluginManage:359 - Loaded plugin projectmanager (category:projectmanager,tabindex:4)
2025-02-13 11:04:08,498 [INFO] PluginManage:310 - Check plugin rif
2025-02-13 11:04:08,522 [INFO] PluginManage:359 - Loaded plugin rif (category:base,tabindex:3)
2025-02-13 11:04:08,523 [INFO] PluginManage:310 - Check plugin thirdparty
2025-02-13 11:04:08,877 [INFO] PluginManage:359 - Loaded plugin thirdparty (category:base,tabindex:-1)
2025-02-13 11:04:08,877 [INFO] PluginManage:310 - Check plugin tools
2025-02-13 11:04:08,877 [WARN] IntegrityCheckThread:84 - waiting for thirdparty lock release [integrity check]
2025-02-13 11:04:08,878 [INFO] IntegrityCheckThread:86 - entering critical section [integrity check]
2025-02-13 11:04:08,878 [INFO] ThirdPartyUpdaterWithRetryManager:70 - Updater plugin not ready yet. [1/15]
2025-02-13 11:04:08,915 [INFO] PluginManage:359 - Loaded plugin tools (category:base,tabindex:7)
2025-02-13 11:04:08,915 [INFO] PluginManage:310 - Check plugin tutovideos
2025-02-13 11:04:09,128 [INFO] PluginManage:359 - Loaded plugin tutovideos (category:base,tabindex:-1)
2025-02-13 11:04:09,128 [INFO] PluginManage:310 - Check plugin updater
2025-02-13 11:04:09,152 [INFO] PluginManage:359 - Loaded plugin updater (category:base,tabindex:12)
2025-02-13 11:04:09,154 [INFO] PluginManage:310 - Check plugin userauth
2025-02-13 11:04:09,158 [INFO] UserAuth:118 - Init User Auth plugin
2025-02-13 11:04:09,159 [INFO] PluginManage:359 - Loaded plugin userauth (category:base,tabindex:14)
2025-02-13 11:04:09,159 [INFO] PluginManage:283 - PluginManage : Loaded plugins [18]
2025-02-13 11:04:09,387 [INFO] PinOutPanel:1589 - setPackage(No Configuration,No Configuration)
2025-02-13 11:04:09,478 [INFO] CADModel:165 - CPN selected for project level
2025-02-13 11:04:09,478 [INFO] CADModel:114 - Register for checkConnection events
2025-02-13 11:04:09,512 [INFO] IPUIPlugin:80 - create IPUIPlugin
2025-02-13 11:04:09,512 [INFO] PluginManager:220 - loadIPPluginJar : add adc
2025-02-13 11:04:09,563 [INFO] IPUIPlugin:80 - create IPUIPlugin
2025-02-13 11:04:09,563 [INFO] PluginManager:220 - loadIPPluginJar : add aes
2025-02-13 11:04:09,617 [INFO] IPUIPlugin:80 - create IPUIPlugin
2025-02-13 11:04:09,618 [INFO] PluginManager:220 - loadIPPluginJar : add can
2025-02-13 11:04:09,654 [INFO] IPUIPlugin:80 - create IPUIPlugin
2025-02-13 11:04:09,654 [INFO] PluginManager:220 - loadIPPluginJar : add comp
2025-02-13 11:04:09,699 [INFO] IPUIPlugin:80 - create IPUIPlugin
2025-02-13 11:04:09,699 [INFO] PluginManager:220 - loadIPPluginJar : add cryp
2025-02-13 11:04:09,715 [INFO] IPUIPlugin:80 - create IPUIPlugin
2025-02-13 11:04:09,715 [INFO] PluginManager:220 - loadIPPluginJar : add ddr_ctrl_phy
2025-02-13 11:04:09,749 [INFO] IPUIPlugin:80 - create IPUIPlugin
2025-02-13 11:04:09,749 [INFO] PluginManager:220 - loadIPPluginJar : add dfsdm
2025-02-13 11:04:09,765 [INFO] IPUIPlugin:80 - create IPUIPlugin
2025-02-13 11:04:09,766 [INFO] PluginManager:220 - loadIPPluginJar : add dma
2025-02-13 11:04:09,809 [INFO] IPUIPlugin:80 - create IPUIPlugin
2025-02-13 11:04:09,810 [INFO] PluginManager:220 - loadIPPluginJar : add dma3
2025-02-13 11:04:09,858 [INFO] IPUIPlugin:80 - create IPUIPlugin
2025-02-13 11:04:09,858 [INFO] PluginManager:220 - loadIPPluginJar : add extmemmanager
2025-02-13 11:04:09,885 [INFO] IPUIPlugin:80 - create IPUIPlugin
2025-02-13 11:04:09,885 [INFO] PluginManager:220 - loadIPPluginJar : add fatfs
2025-02-13 11:04:09,939 [INFO] IPUIPlugin:80 - create IPUIPlugin
2025-02-13 11:04:09,939 [INFO] PluginManager:220 - loadIPPluginJar : add fmc
2025-02-13 11:04:09,957 [INFO] IPUIPlugin:80 - create IPUIPlugin
2025-02-13 11:04:09,958 [INFO] PluginManager:220 - loadIPPluginJar : add freertos
2025-02-13 11:04:09,983 [INFO] IPUIPlugin:80 - create IPUIPlugin
2025-02-13 11:04:09,984 [INFO] PluginManager:220 - loadIPPluginJar : add genericplugin
2025-02-13 11:04:10,079 [INFO] IPUIPlugin:80 - create IPUIPlugin
2025-02-13 11:04:10,080 [INFO] PluginManager:220 - loadIPPluginJar : add gfxmmu
2025-02-13 11:04:10,218 [INFO] IPUIPlugin:80 - create IPUIPlugin
2025-02-13 11:04:10,218 [INFO] PluginManager:220 - loadIPPluginJar : add gic
2025-02-13 11:04:10,234 [INFO] IPUIPlugin:80 - create IPUIPlugin
2025-02-13 11:04:10,235 [INFO] PluginManager:220 - loadIPPluginJar : add gpio
2025-02-13 11:04:10,331 [INFO] IPUIPlugin:80 - create IPUIPlugin
2025-02-13 11:04:10,331 [INFO] PluginManager:220 - loadIPPluginJar : add gtzc
2025-02-13 11:04:10,367 [INFO] IPUIPlugin:80 - create IPUIPlugin
2025-02-13 11:04:10,367 [INFO] PluginManager:220 - loadIPPluginJar : add hash
2025-02-13 11:04:10,424 [INFO] IPUIPlugin:80 - create IPUIPlugin
2025-02-13 11:04:10,424 [INFO] PluginManager:220 - loadIPPluginJar : add i2c
2025-02-13 11:04:10,472 [INFO] IPUIPlugin:80 - create IPUIPlugin
2025-02-13 11:04:10,472 [INFO] PluginManager:220 - loadIPPluginJar : add i2s
2025-02-13 11:04:10,519 [INFO] IPUIPlugin:80 - create IPUIPlugin
2025-02-13 11:04:10,519 [INFO] PluginManager:220 - loadIPPluginJar : add i3c
2025-02-13 11:04:10,622 [INFO] IPUIPlugin:80 - create IPUIPlugin
2025-02-13 11:04:10,623 [INFO] PluginManager:220 - loadIPPluginJar : add ipddr
2025-02-13 11:04:10,715 [INFO] IPUIPlugin:80 - create IPUIPlugin
2025-02-13 11:04:10,715 [INFO] PluginManager:220 - loadIPPluginJar : add linkedlist
2025-02-13 11:04:10,758 [INFO] IPUIPlugin:80 - create IPUIPlugin
2025-02-13 11:04:10,759 [INFO] PluginManager:220 - loadIPPluginJar : add lorawan
2025-02-13 11:04:10,801 [INFO] IPUIPlugin:80 - create IPUIPlugin
2025-02-13 11:04:10,801 [INFO] PluginManager:220 - loadIPPluginJar : add ltdc
2025-02-13 11:04:10,821 [INFO] IPUIPlugin:80 - create IPUIPlugin
2025-02-13 11:04:10,821 [INFO] PluginManager:220 - loadIPPluginJar : add mdma
2025-02-13 11:04:10,835 [INFO] IPUIPlugin:80 - create IPUIPlugin
2025-02-13 11:04:10,835 [INFO] PluginManager:220 - loadIPPluginJar : add nvic
2025-02-13 11:04:10,877 [INFO] IPUIPlugin:80 - create IPUIPlugin
2025-02-13 11:04:10,877 [INFO] PluginManager:220 - loadIPPluginJar : add opamp
2025-02-13 11:04:10,936 [INFO] IPUIPlugin:80 - create IPUIPlugin
2025-02-13 11:04:10,936 [INFO] PluginManager:220 - loadIPPluginJar : add openamp
2025-02-13 11:04:10,984 [INFO] IPUIPlugin:80 - create IPUIPlugin
2025-02-13 11:04:10,984 [INFO] PluginManager:220 - loadIPPluginJar : add pdm2pcm
2025-02-13 11:04:11,001 [INFO] IPUIPlugin:80 - create IPUIPlugin
2025-02-13 11:04:11,004 [INFO] PluginManager:220 - loadIPPluginJar : add plateformsettings
2025-02-13 11:04:11,032 [INFO] IPUIPlugin:80 - create IPUIPlugin
2025-02-13 11:04:11,032 [INFO] PluginManager:220 - loadIPPluginJar : add quadspi
2025-02-13 11:04:11,061 [INFO] IPUIPlugin:80 - create IPUIPlugin
2025-02-13 11:04:11,062 [INFO] PluginManager:220 - loadIPPluginJar : add radio
2025-02-13 11:04:11,077 [INFO] IPUIPlugin:80 - create IPUIPlugin
2025-02-13 11:04:11,079 [INFO] PluginManager:220 - loadIPPluginJar : add resmgrutility
2025-02-13 11:04:11,129 [INFO] IPUIPlugin:80 - create IPUIPlugin
2025-02-13 11:04:11,129 [INFO] PluginManager:220 - loadIPPluginJar : add sai
2025-02-13 11:04:11,167 [INFO] IPUIPlugin:80 - create IPUIPlugin
2025-02-13 11:04:11,168 [INFO] PluginManager:220 - loadIPPluginJar : add spi
2025-02-13 11:04:11,241 [INFO] IPUIPlugin:80 - create IPUIPlugin
2025-02-13 11:04:11,241 [INFO] PluginManager:220 - loadIPPluginJar : add stm32_wpan
2025-02-13 11:04:11,271 [INFO] IPUIPlugin:80 - create IPUIPlugin
2025-02-13 11:04:11,271 [INFO] PluginManager:220 - loadIPPluginJar : add tim
2025-02-13 11:04:11,331 [INFO] IPUIPlugin:80 - create IPUIPlugin
2025-02-13 11:04:11,332 [INFO] PluginManager:220 - loadIPPluginJar : add touchsensing
2025-02-13 11:04:11,358 [INFO] IPUIPlugin:80 - create IPUIPlugin
2025-02-13 11:04:11,358 [INFO] PluginManager:220 - loadIPPluginJar : add tracer_emb
2025-02-13 11:04:11,386 [INFO] IPUIPlugin:80 - create IPUIPlugin
2025-02-13 11:04:11,386 [INFO] PluginManager:220 - loadIPPluginJar : add ts
2025-02-13 11:04:11,414 [INFO] IPUIPlugin:80 - create IPUIPlugin
2025-02-13 11:04:11,414 [INFO] PluginManager:220 - loadIPPluginJar : add tsc
2025-02-13 11:04:11,441 [INFO] IPUIPlugin:80 - create IPUIPlugin
2025-02-13 11:04:11,441 [INFO] PluginManager:220 - loadIPPluginJar : add ucpd
2025-02-13 11:04:11,489 [INFO] IPUIPlugin:80 - create IPUIPlugin
2025-02-13 11:04:11,490 [INFO] PluginManager:220 - loadIPPluginJar : add usart
2025-02-13 11:04:11,536 [INFO] IPUIPlugin:80 - create IPUIPlugin
2025-02-13 11:04:11,536 [INFO] PluginManager:220 - loadIPPluginJar : add usbx
2025-02-13 11:04:11,666 [FATAL] Updater:351 - Updater called before beeing initialized
2025-02-13 11:04:11,693 [INFO] RulesReader:64 - Compatibility file has been processed (297 Rules)
2025-02-13 11:04:11,706 [INFO] RulesReader:64 - Compatibility file has been processed (297 Rules)
2025-02-13 11:04:11,715 [INFO] CADModel:165 - CPN selected for project level
2025-02-13 11:04:11,715 [INFO] CADModel:114 - Register for checkConnection events
2025-02-13 11:04:11,716 [FATAL] Updater:351 - Updater called before beeing initialized
2025-02-13 11:04:11,716 [ERROR] CADModel:125 - Updater not yet initialized, retry later 
2025-02-13 11:04:11,868 [FATAL] Updater:351 - Updater called before beeing initialized
2025-02-13 11:04:11,869 [INFO] CADModel:165 - CPN selected for project level
2025-02-13 11:04:11,870 [INFO] CADModel:114 - Register for checkConnection events
2025-02-13 11:04:11,870 [FATAL] Updater:351 - Updater called before beeing initialized
2025-02-13 11:04:11,870 [ERROR] CADModel:125 - Updater not yet initialized, retry later 
2025-02-13 11:04:11,873 [FATAL] Updater:351 - Updater called before beeing initialized
2025-02-13 11:04:11,879 [INFO] ThirdPartyUpdaterWithRetryManager:70 - Updater plugin not ready yet. [2/15]
2025-02-13 11:04:11,975 [FATAL] Updater:351 - Updater called before beeing initialized
2025-02-13 11:04:11,989 [INFO] DbMcusAds:53 - JSON generation date=Tue Dec 17 23:01:15 ICT 2024 (1734451275111)
2025-02-13 11:04:11,989 [FATAL] Updater:351 - Updater called before beeing initialized
2025-02-13 11:04:12,029 [WARN] DetailPanel:346 - Failed to get advertising image, set to default
2025-02-13 11:04:12,265 [FATAL] Updater:351 - Updater called before beeing initialized
2025-02-13 11:04:12,267 [FATAL] Updater:351 - Updater called before beeing initialized
2025-02-13 11:04:12,267 [FATAL] Updater:351 - Updater called before beeing initialized
2025-02-13 11:04:12,267 [WARN] DetailPanel:346 - Failed to get advertising image, set to default
2025-02-13 11:04:12,268 [FATAL] Updater:351 - Updater called before beeing initialized
2025-02-13 11:04:12,331 [ERROR] Updater:1198 - MainUpdater not yet initialized. External WinMGr cannot be set.
2025-02-13 11:04:12,343 [INFO] Updater:1134 - Updater Version found : 6.13.0
2025-02-13 11:04:12,365 [INFO] ApplicationProperties:184 - Using Application install path: C:\ST\STM32CubeIDE_1.17.0\STM32CubeIDE\plugins\com.st.stm32cube.common.mx_6.13.0.202411220809
2025-02-13 11:04:12,860 [ERROR] ConfigurationRetriever:142 - IOException on connection: Read timed out
2025-02-13 11:04:13,957 [ERROR] LogOutputStream:75 - [STDERR_REDIRECT] Feb 13, 2025 11:04:13 AM java.util.prefs.WindowsPreferences <init>
2025-02-13 11:04:13,959 [ERROR] LogOutputStream:75 - [STDERR_REDIRECT] WARNING: Could not open/create prefs root node Software\JavaSoft\Prefs at root 0xffffffff80000002. Windows RegCreateKeyEx(...) returned error code 5.
2025-02-13 11:04:13,959 [ERROR] LogOutputStream:75 - [STDERR_REDIRECT] 
2025-02-13 11:04:14,294 [INFO] MainUpdater:2872 - connection check result : 22
2025-02-13 11:04:14,295 [INFO] MainUpdater:289 - Updater Check For Update Now.
2025-02-13 11:04:14,296 [INFO] MicroXplorer:498 - Change Database Version : DB.6.0.130
2025-02-13 11:04:14,319 [INFO] McuFinderGlobals:63 - Set McuFinder mode to 2 (CubeIDE integrated)
2025-02-13 11:04:14,330 [INFO] UserAuth:486 - Internet connection configuration mode: 2
2025-02-13 11:04:14,339 [INFO] UserAuth:486 - Internet connection configuration mode: 2
2025-02-13 11:04:14,539 [INFO] CheckServerUpdateThread:120 - End of CheckServer Thread
2025-02-13 11:04:15,088 [WARN] PackLoader:240 - Cannot read IP mode file for STMicroelectronics.FP-SNS-MOTENVWB1.1.4.0
2025-02-13 11:04:15,114 [WARN] PackLoader:240 - Cannot read IP mode file for STMicroelectronics.FP-ATR-ASTRA1.2.0.1
2025-02-13 11:04:15,139 [WARN] PackLoader:240 - Cannot read IP mode file for STMicroelectronics.X-CUBE-SMBUS.2.1.0
2025-02-13 11:04:15,163 [WARN] PackLoader:240 - Cannot read IP mode file for STMicroelectronics.X-CUBE-WB05N.1.1.0
2025-02-13 11:04:15,217 [WARN] PackLoader:240 - Cannot read IP mode file for STMicroelectronics.X-CUBE-AZRTOS-F7.1.1.0
2025-02-13 11:04:15,241 [WARN] PackLoader:240 - Cannot read IP mode file for STMicroelectronics.FP-SNS-FLIGHT1.5.0.2
2025-02-13 11:04:15,289 [WARN] PackLoader:240 - Cannot read IP mode file for Infineon.AIROC-Wi-Fi-Bluetooth-STM32.1.7.0
2025-02-13 11:04:15,319 [WARN] PackLoader:240 - Cannot read IP mode file for STMicroelectronics.X-CUBE-DISPLAY.3.0.0
2025-02-13 11:04:15,350 [WARN] PackLoader:240 - Cannot read IP mode file for STMicroelectronics.X-CUBE-BLE1.7.0.0
2025-02-13 11:04:15,383 [WARN] PackLoader:240 - Cannot read IP mode file for STMicroelectronics.X-CUBE-NFC10.1.0.0
2025-02-13 11:04:15,414 [WARN] PackLoader:240 - Cannot read IP mode file for STMicroelectronics.X-CUBE-BLEMGR.4.0.0
2025-02-13 11:04:15,441 [WARN] PackLoader:240 - Cannot read IP mode file for emotas.I-CUBE-CANOPEN.1.3.0
2025-02-13 11:04:15,462 [WARN] PackLoader:240 - Cannot read IP mode file for STMicroelectronics.X-CUBE-AI.10.0.0
2025-02-13 11:04:15,483 [WARN] PackLoader:240 - Cannot read IP mode file for STMicroelectronics.FP-SNS-SMARTAG2.1.2.0
2025-02-13 11:04:15,560 [WARN] PackLoader:240 - Cannot read IP mode file for STMicroelectronics.X-CUBE-MEMS1.11.1.0
2025-02-13 11:04:15,750 [INFO] LogOutputStream:77 - [STDOUT_REDIRECT] 1 : Invalid condition id : UX_CORESTACK_Condition cause : null
2025-02-13 11:04:15,751 [INFO] LogOutputStream:77 - [STDOUT_REDIRECT] 1 : Invalid condition id : UX_CORESTACK_Condition cause : null
2025-02-13 11:04:15,753 [INFO] LogOutputStream:77 - [STDOUT_REDIRECT] 1 : Invalid condition id : UX_CORESTACK_Condition cause : null
2025-02-13 11:04:15,754 [INFO] LogOutputStream:77 - [STDOUT_REDIRECT] 1 : Invalid condition id : UX_CORESTACK_Condition cause : null
2025-02-13 11:04:15,756 [INFO] LogOutputStream:77 - [STDOUT_REDIRECT] 1 : Invalid condition id : UX_CORESTACK_Condition cause : null
2025-02-13 11:04:15,760 [WARN] PackLoader:240 - Cannot read IP mode file for STMicroelectronics.X-CUBE-AZRTOS-WL.2.0.0
2025-02-13 11:04:15,806 [WARN] PackLoader:240 - Cannot read IP mode file for STMicroelectronics.FP-SNS-MOTENV1.5.0.0
2025-02-13 11:04:15,831 [WARN] PackLoader:240 - Cannot read IP mode file for wolfSSL.I-CUBE-wolfMQTT.1.19.0
2025-02-13 11:04:15,859 [WARN] PackLoader:240 - Cannot read IP mode file for WES.I-CUBE-Cesium.1.3.0
2025-02-13 11:04:15,885 [WARN] PackLoader:240 - Cannot read IP mode file for STMicroelectronics.X-CUBE-BLE2.3.3.0
2025-02-13 11:04:15,910 [WARN] PackLoader:240 - Cannot read IP mode file for STMicroelectronics.X-CUBE-NFC9.1.0.0
2025-02-13 11:04:15,952 [WARN] PackLoader:240 - Cannot read IP mode file for STMicroelectronics.X-CUBE-AZRTOS-G0.1.1.0
2025-02-13 11:04:15,976 [WARN] PackLoader:240 - Cannot read IP mode file for STMicroelectronics.X-CUBE-SAFEA1.1.2.2
2025-02-13 11:04:15,996 [WARN] PackLoader:240 - Cannot read IP mode file for STMicroelectronics.X-CUBE-NFC4.3.0.0
2025-02-13 11:04:16,019 [WARN] PackLoader:240 - Cannot read IP mode file for EmbeddedOffice.I-CUBE-FS-RTOS.1.0.1
2025-02-13 11:04:16,039 [WARN] PackLoader:240 - Cannot read IP mode file for STMicroelectronics.X-CUBE-TCPP.4.2.0
2025-02-13 11:04:16,059 [WARN] PackLoader:240 - Cannot read IP mode file for RealThread.X-CUBE-RT-Thread_Nano.4.1.1
2025-02-13 11:04:16,083 [WARN] PackLoader:240 - Cannot read IP mode file for STMicroelectronics.FP-ATR-SIGFOX1.3.2.0
2025-02-13 11:04:16,100 [WARN] ConditionMgr:438 - getConditionDescription Invalid condition id : Cortex-A Device cause : null
2025-02-13 11:04:16,131 [WARN] ConditionMgr:1044 - genDependencies : Invalid condition id : Cortex-A Device cause : null
2025-02-13 11:04:16,132 [WARN] ConditionMgr:1044 - genDependencies : Invalid condition id : Cortex-A Device cause : null
2025-02-13 11:04:16,132 [WARN] ConditionMgr:1044 - genDependencies : Invalid condition id : Cortex-A Device cause : null
2025-02-13 11:04:16,152 [WARN] PackLoader:240 - Cannot read IP mode file for STMicroelectronics.X-CUBE-EEPRMA1.5.1.0
2025-02-13 11:04:16,169 [WARN] PackLoader:240 - Cannot read IP mode file for wolfSSL.I-CUBE-wolfSSL.5.7.4
2025-02-13 11:04:16,187 [WARN] PackLoader:240 - Cannot read IP mode file for ITTIA_DB.I-CUBE-ITTIADB.8.9.0
2025-02-13 11:04:16,222 [WARN] PackLoader:240 - Cannot read IP mode file for SEGGER.I-CUBE-embOS.1.3.1
2025-02-13 11:04:16,268 [WARN] PackLoader:240 - Cannot read IP mode file for STMicroelectronics.X-CUBE-ALGOBUILD.1.4.0
2025-02-13 11:04:16,285 [WARN] PackLoader:240 - Cannot read IP mode file for STMicroelectronics.X-CUBE-AI.9.1.0
2025-02-13 11:04:16,328 [WARN] PackLoader:240 - Cannot read IP mode file for STMicroelectronics.X-CUBE-AZRTOS-F4.1.1.0
2025-02-13 11:04:16,349 [WARN] PackLoader:240 - Cannot read IP mode file for STMicroelectronics.X-CUBE-ISPU.2.1.0
2025-02-13 11:04:16,386 [WARN] PackLoader:240 - Cannot read IP mode file for STMicroelectronics.X-CUBE-AZRTOS-L5.2.0.0
2025-02-13 11:04:16,406 [WARN] PackLoader:240 - Cannot read IP mode file for STMicroelectronics.X-CUBE-NFC6.3.1.0
2025-02-13 11:04:16,426 [WARN] PackLoader:240 - Cannot read IP mode file for STMicroelectronics.X-CUBE-DPower.1.2.0
2025-02-13 11:04:16,442 [WARN] PackLoader:240 - Cannot read IP mode file for STMicroelectronics.X-CUBE-FREERTOS.1.3.0
2025-02-13 11:04:16,460 [WARN] PackLoader:240 - Cannot read IP mode file for STMicroelectronics.X-CUBE-NFC7.1.0.1
2025-02-13 11:04:16,493 [WARN] ConditionMgr:438 - getConditionDescription Invalid condition id : LAN8742 Phy interface Condition cause : null
2025-02-13 11:04:16,494 [WARN] PackLoader:240 - Cannot read IP mode file for STMicroelectronics.X-CUBE-AZRTOS-L4.2.0.0
2025-02-13 11:04:16,495 [WARN] ConditionMgr:1044 - genDependencies : Invalid condition id : LAN8742 Phy interface Condition cause : null
2025-02-13 11:04:16,495 [WARN] ConditionMgr:1044 - genDependencies : Invalid condition id : LAN8742 Phy interface Condition cause : null
2025-02-13 11:04:16,495 [WARN] ConditionMgr:1044 - genDependencies : Invalid condition id : LAN8742 Phy interface Condition cause : null
2025-02-13 11:04:16,514 [WARN] PackLoader:240 - Cannot read IP mode file for STMicroelectronics.X-CUBE-SFXS2LP1.4.0.0
2025-02-13 11:04:16,551 [WARN] PackLoader:240 - Cannot read IP mode file for STMicroelectronics.X-CUBE-AZRTOS-H7.3.3.0
2025-02-13 11:04:16,580 [WARN] PackLoader:240 - Cannot read IP mode file for STMicroelectronics.X-CUBE-IPS.3.0.0
2025-02-13 11:04:16,612 [WARN] ConditionMgr:438 - getConditionDescription Invalid condition id : UX DEVICE CLASS RTOS Condition cause : null
2025-02-13 11:04:16,612 [WARN] ConditionMgr:438 - getConditionDescription Invalid condition id : UX DEVICE CLASS RTOS Condition cause : null
2025-02-13 11:04:16,614 [WARN] PackLoader:240 - Cannot read IP mode file for STMicroelectronics.X-CUBE-AZRTOS-WB.2.0.0
2025-02-13 11:04:16,614 [WARN] ConditionMgr:1044 - genDependencies : Invalid condition id : UX DEVICE CLASS RTOS Condition cause : null
2025-02-13 11:04:16,614 [WARN] ConditionMgr:1044 - genDependencies : Invalid condition id : UX DEVICE CLASS RTOS Condition cause : null
2025-02-13 11:04:16,615 [WARN] ConditionMgr:1044 - genDependencies : Invalid condition id : UX DEVICE CLASS RTOS Condition cause : null
2025-02-13 11:04:16,615 [WARN] ConditionMgr:1044 - genDependencies : Invalid condition id : UX DEVICE CLASS RTOS Condition cause : null
2025-02-13 11:04:16,615 [WARN] ConditionMgr:1044 - genDependencies : Invalid condition id : UX DEVICE CLASS RTOS Condition cause : null
2025-02-13 11:04:16,633 [WARN] PackLoader:240 - Cannot read IP mode file for STMicroelectronics.X-CUBE-GNSS1.7.0.1
2025-02-13 11:04:16,653 [WARN] PackLoader:240 - Cannot read IP mode file for STMicroelectronics.FP-SNS-STBOX1.2.0.0
2025-02-13 11:04:16,678 [WARN] PackLoader:240 - Cannot read IP mode file for STMicroelectronics.X-CUBE-SUBG2.5.0.0
2025-02-13 11:04:16,698 [WARN] PackLoader:240 - Cannot read IP mode file for Cesanta.I-CUBE-Mongoose.7.13.0
2025-02-13 11:04:16,728 [WARN] PackLoader:240 - Cannot read IP mode file for STMicroelectronics.X-CUBE-AZRTOS-G4.2.0.0
2025-02-13 11:04:16,753 [WARN] PackLoader:240 - Cannot read IP mode file for STMicroelectronics.X-CUBE-IPS.3.1.0
2025-02-13 11:04:16,772 [WARN] PackLoader:240 - Cannot read IP mode file for STMicroelectronics.X-CUBE-ALS.1.0.2
2025-02-13 11:04:16,791 [WARN] PackLoader:240 - Cannot read IP mode file for STMicroelectronics.X-CUBE-TOUCHGFX.4.24.2
2025-02-13 11:04:16,808 [WARN] PackLoader:240 - Cannot read IP mode file for STMicroelectronics.X-CUBE-TOUCHGFX.4.24.1
2025-02-13 11:04:16,825 [WARN] PackLoader:240 - Cannot read IP mode file for wolfSSL.I-CUBE-wolfTPM.3.4.0
2025-02-13 11:04:16,844 [WARN] PackLoader:240 - Cannot read IP mode file for portGmbH.I-Cube-SoM-uGOAL.1.1.0
2025-02-13 11:04:16,881 [WARN] PackLoader:240 - Cannot read IP mode file for STMicroelectronics.X-CUBE-AZRTOS-H7RS.1.0.0
2025-02-13 11:04:16,905 [WARN] PackLoader:240 - Cannot read IP mode file for STMicroelectronics.X-CUBE-TOF1.3.4.2
2025-02-13 11:04:16,930 [WARN] PackLoader:240 - Cannot read IP mode file for wolfSSL.I-CUBE-wolfSSH.1.4.17
2025-02-13 11:04:16,930 [INFO] ThirdParty:978 - Integrity check success = true
2025-02-13 11:04:16,931 [INFO] IntegrityCheckThread:100 - exiting critical section [integrity check]
2025-02-13 11:04:16,931 [INFO] IntegrityCheckThread:103 - End integrity checks thread
2025-02-13 11:04:17,863 [ERROR] ConfigurationRetriever:142 - IOException on connection: Read timed out
2025-02-13 11:04:17,931 [ERROR] ConfigurationRetriever:142 - IOException on connection: sw-center.st.com
2025-02-13 11:20:52,173 [ERROR] ConfigurationRetriever:142 - IOException on connection: sw-center.st.com
2025-02-13 11:20:52,174 [ERROR] ConfigurationRetriever:142 - IOException on connection: sw-center.st.com
2025-02-13 11:20:52,174 [ERROR] ConfigurationRetriever:142 - IOException on connection: sw-center.st.com
2025-02-13 11:20:54,048 [ERROR] LogOutputStream:75 - [STDERR_REDIRECT] 
