2025-01-15 22:18:37,993 [INFO] Activator:176 - 


2025-01-15 22:18:37,997 [INFO] Activator:177 - !SESSION log4j initialized
2025-01-15 22:18:43,334 [INFO] LogOutputStream:77 - [STDOUT_REDIRECT] 
2025-01-15 22:18:46,280 [INFO] ApplicationProperties:184 - Using Application install path: C:\ST\STM32CubeIDE_1.17.0\STM32CubeIDE\plugins\com.st.stm32cube.common.mx_6.13.0.202411220809
2025-01-15 22:18:46,295 [INFO] DbMcusXml:78 - Set database path to: C:\ST\STM32CubeIDE_1.17.0\STM32CubeIDE\plugins\com.st.stm32cube.common.mx_6.13.0.202411220809\\db\/mcu/
2025-01-15 22:18:46,295 [INFO] ApiDb:274 - Set plugin database path to: C:\ST\STM32CubeIDE_1.17.0\STM32CubeIDE\plugins\com.st.stm32cube.common.mx_6.13.0.202411220809\\db\/plugins/boardmanager/
2025-01-15 22:18:46,295 [WARN] ApiDb:259 - Overriding images path with different value:  => C:\ST\STM32CubeIDE_1.17.0\STM32CubeIDE\plugins\com.st.stm32cube.common.mx_6.13.0.202411220809\\db\/plugins/mcufinder/images/
2025-01-15 22:18:46,308 [INFO] ApiDb:250 - Set database path to: C:\Users\Admin\.stmcufinder\plugins\mcufinder//mcu/
2025-01-15 22:18:46,309 [INFO] DbMcusAds:125 - Set database path to: C:\Users\Admin\.stmcufinder\plugins\mcufinder//mcu/
2025-01-15 22:18:46,312 [INFO] CrossReferenceDbSqlite:203 - Set database path to: C:\Users\Admin\.stmcufinder\plugins\mcufinder//mcu/cs/
2025-01-15 22:18:46,409 [INFO] RulesReader:64 - Compatibility file has been processed (297 Rules)
2025-01-15 22:18:46,471 [INFO] DbMcusXml:78 - Set database path to: C:\ST\STM32CubeIDE_1.17.0\STM32CubeIDE\plugins\com.st.stm32cube.common.mx_6.13.0.202411220809\\db\/mcu/
2025-01-15 22:18:46,471 [INFO] ApiDb:274 - Set plugin database path to: C:\ST\STM32CubeIDE_1.17.0\STM32CubeIDE\plugins\com.st.stm32cube.common.mx_6.13.0.202411220809\\db\/plugins/boardmanager/
2025-01-15 22:18:46,471 [INFO] ApiDb:261 - Set plugin images path to: C:\ST\STM32CubeIDE_1.17.0\STM32CubeIDE\plugins\com.st.stm32cube.common.mx_6.13.0.202411220809\\db\/plugins/mcufinder/images/
2025-01-15 22:18:46,471 [WARN] DbFile:41 - Overriding database path with different value: C:\Users\Admin\.stmcufinder\plugins\mcufinder/ => C:\Users\Admin\.stmcufinder\plugins\mcufinder
2025-01-15 22:18:46,471 [INFO] ApiDb:250 - Set database path to: C:\Users\Admin\.stmcufinder\plugins\mcufinder//mcu/
2025-01-15 22:18:46,471 [WARN] DbFile:41 - Overriding database path with different value: C:\Users\Admin\.stmcufinder\plugins\mcufinder/ => C:\Users\Admin\.stmcufinder\plugins\mcufinder
2025-01-15 22:18:46,471 [INFO] DbMcusAds:125 - Set database path to: C:\Users\Admin\.stmcufinder\plugins\mcufinder//mcu/
2025-01-15 22:18:46,472 [WARN] DbFile:41 - Overriding database path with different value: C:\Users\Admin\.stmcufinder\plugins\mcufinder/ => C:\Users\Admin\.stmcufinder\plugins\mcufinder
2025-01-15 22:18:46,472 [WARN] DbFile:41 - Overriding database path with different value: C:\Users\Admin\.stmcufinder\plugins\mcufinder/ => C:\Users\Admin\.stmcufinder\plugins\mcufinder
2025-01-15 22:18:46,472 [INFO] CrossReferenceDbSqlite:203 - Set database path to: C:\Users\Admin\.stmcufinder\plugins\mcufinder//mcu/cs/
2025-01-15 22:18:46,534 [INFO] MainPanel:272 - HeapMemory: 268435456
2025-01-15 22:18:46,636 [INFO] DbMcusXml:78 - Set database path to: C:\ST\STM32CubeIDE_1.17.0\STM32CubeIDE\plugins\com.st.stm32cube.common.mx_6.13.0.202411220809\\db\/mcu/
2025-01-15 22:18:46,636 [INFO] ApiDb:274 - Set plugin database path to: C:\ST\STM32CubeIDE_1.17.0\STM32CubeIDE\plugins\com.st.stm32cube.common.mx_6.13.0.202411220809\\db\/plugins/boardmanager/
2025-01-15 22:18:46,636 [INFO] ApiDb:261 - Set plugin images path to: C:\ST\STM32CubeIDE_1.17.0\STM32CubeIDE\plugins\com.st.stm32cube.common.mx_6.13.0.202411220809\\db\/plugins/mcufinder/images/
2025-01-15 22:18:46,636 [WARN] DbFile:41 - Overriding database path with different value: C:\Users\Admin\.stmcufinder\plugins\mcufinder/ => C:\Users\Admin\.stmcufinder\plugins\mcufinder
2025-01-15 22:18:46,636 [INFO] ApiDb:250 - Set database path to: C:\Users\Admin\.stmcufinder\plugins\mcufinder//mcu/
2025-01-15 22:18:46,636 [WARN] DbFile:41 - Overriding database path with different value: C:\Users\Admin\.stmcufinder\plugins\mcufinder/ => C:\Users\Admin\.stmcufinder\plugins\mcufinder
2025-01-15 22:18:46,637 [INFO] DbMcusAds:125 - Set database path to: C:\Users\Admin\.stmcufinder\plugins\mcufinder//mcu/
2025-01-15 22:18:46,637 [WARN] DbFile:41 - Overriding database path with different value: C:\Users\Admin\.stmcufinder\plugins\mcufinder/ => C:\Users\Admin\.stmcufinder\plugins\mcufinder
2025-01-15 22:18:46,637 [WARN] DbFile:41 - Overriding database path with different value: C:\Users\Admin\.stmcufinder\plugins\mcufinder/ => C:\Users\Admin\.stmcufinder\plugins\mcufinder
2025-01-15 22:18:46,637 [INFO] CrossReferenceDbSqlite:203 - Set database path to: C:\Users\Admin\.stmcufinder\plugins\mcufinder//mcu/cs/
2025-01-15 22:18:46,653 [INFO] ApplicationProperties:184 - Using Application install path: C:\ST\STM32CubeIDE_1.17.0\STM32CubeIDE\plugins\com.st.stm32cube.common.mx_6.13.0.202411220809
2025-01-15 22:18:46,655 [INFO] PluginManage:196 - Search for loadable plugins [exclusion list=, ]
2025-01-15 22:18:46,656 [INFO] PluginManage:310 - Check plugin analytics
2025-01-15 22:18:46,783 [INFO] AnalyticsPlugin:253 - Accepted Software Licenses: STM32CubeMX.6.13.0
2025-01-15 22:18:46,783 [INFO] AnalyticsPlugin:255 - Accepted CMSIS Pack Licenses: 
2025-01-15 22:18:46,783 [INFO] AnalyticsPlugin:257 - Accepted Firmware Licenses: FW.F4.1.28.0
2025-01-15 22:18:46,784 [INFO] PluginManage:359 - Loaded plugin analytics (category:tool,tabindex:-1)
2025-01-15 22:18:46,785 [INFO] PluginManage:310 - Check plugin cadmodel
2025-01-15 22:18:46,801 [INFO] CADModel:105 - Init CAD model plugin
2025-01-15 22:18:46,801 [INFO] PluginManage:359 - Loaded plugin cadmodel (category:power,tabindex:5)
2025-01-15 22:18:46,801 [INFO] PluginManage:310 - Check plugin clock
2025-01-15 22:18:46,821 [INFO] PluginManage:359 - Loaded plugin clock (category:base,tabindex:2)
2025-01-15 22:18:46,821 [INFO] PluginManage:310 - Check plugin ddr
2025-01-15 22:18:46,824 [INFO] PluginManage:359 - Loaded plugin ddr (category:tool,tabindex:6)
2025-01-15 22:18:46,824 [INFO] PluginManage:310 - Check plugin filemanager
2025-01-15 22:18:46,947 [INFO] PluginManage:359 - Loaded plugin filemanager (category:base,tabindex:10)
2025-01-15 22:18:46,947 [INFO] PluginManage:310 - Check plugin ipmanager
2025-01-15 22:18:46,952 [INFO] PluginManage:359 - Loaded plugin ipmanager (category:base,tabindex:5)
2025-01-15 22:18:46,952 [INFO] PluginManage:310 - Check plugin lpbam
2025-01-15 22:18:46,970 [INFO] PluginManage:359 - Loaded plugin lpbam (category:base,tabindex:0)
2025-01-15 22:18:46,970 [INFO] PluginManage:310 - Check plugin memorymap
2025-01-15 22:18:46,992 [INFO] PluginManage:359 - Loaded plugin memorymap (category:base,tabindex:4)
2025-01-15 22:18:46,992 [INFO] PluginManage:310 - Check plugin pinoutandconfiguration
2025-01-15 22:18:47,012 [INFO] PluginManage:359 - Loaded plugin pinoutandconfiguration (category:base,tabindex:1)
2025-01-15 22:18:47,012 [INFO] PluginManage:310 - Check plugin pinoutconfig
2025-01-15 22:18:47,094 [WARN] SupportedApi:132 - Cannot load RTOS API schema: s4s-elt-must-match.1: The content of 'definitions' must match (annotation?, (simpleType | complexType)?, (unique | key | keyref)*)). A problem was found starting at: attribute.
2025-01-15 22:18:47,207 [INFO] PluginManage:359 - Loaded plugin pinoutconfig (category:base,tabindex:0)
2025-01-15 22:18:47,207 [INFO] PluginManage:310 - Check plugin power
2025-01-15 22:18:47,228 [INFO] PluginManage:359 - Loaded plugin power (category:power,tabindex:4)
2025-01-15 22:18:47,228 [INFO] PluginManage:310 - Check plugin projectmanager
2025-01-15 22:18:47,240 [INFO] PluginManage:359 - Loaded plugin projectmanager (category:projectmanager,tabindex:4)
2025-01-15 22:18:47,240 [INFO] PluginManage:310 - Check plugin rif
2025-01-15 22:18:47,257 [INFO] PluginManage:359 - Loaded plugin rif (category:base,tabindex:3)
2025-01-15 22:18:47,257 [INFO] PluginManage:310 - Check plugin thirdparty
2025-01-15 22:18:47,510 [WARN] IntegrityCheckThread:84 - waiting for thirdparty lock release [integrity check]
2025-01-15 22:18:47,510 [INFO] PluginManage:359 - Loaded plugin thirdparty (category:base,tabindex:-1)
2025-01-15 22:18:47,510 [INFO] IntegrityCheckThread:86 - entering critical section [integrity check]
2025-01-15 22:18:47,511 [INFO] PluginManage:310 - Check plugin tools
2025-01-15 22:18:47,511 [INFO] ThirdPartyUpdaterWithRetryManager:70 - Updater plugin not ready yet. [1/15]
2025-01-15 22:18:47,547 [INFO] PluginManage:359 - Loaded plugin tools (category:base,tabindex:7)
2025-01-15 22:18:47,547 [INFO] PluginManage:310 - Check plugin tutovideos
2025-01-15 22:18:47,709 [INFO] PluginManage:359 - Loaded plugin tutovideos (category:base,tabindex:-1)
2025-01-15 22:18:47,709 [INFO] PluginManage:310 - Check plugin updater
2025-01-15 22:18:47,727 [INFO] PluginManage:359 - Loaded plugin updater (category:base,tabindex:12)
2025-01-15 22:18:47,727 [INFO] PluginManage:310 - Check plugin userauth
2025-01-15 22:18:47,731 [INFO] UserAuth:118 - Init User Auth plugin
2025-01-15 22:18:47,731 [INFO] PluginManage:359 - Loaded plugin userauth (category:base,tabindex:14)
2025-01-15 22:18:47,732 [INFO] PluginManage:283 - PluginManage : Loaded plugins [18]
2025-01-15 22:18:47,906 [INFO] PinOutPanel:1589 - setPackage(No Configuration,No Configuration)
2025-01-15 22:18:47,974 [INFO] CADModel:165 - CPN selected for project level
2025-01-15 22:18:47,974 [INFO] CADModel:114 - Register for checkConnection events
2025-01-15 22:18:48,001 [INFO] IPUIPlugin:80 - create IPUIPlugin
2025-01-15 22:18:48,001 [INFO] PluginManager:220 - loadIPPluginJar : add adc
2025-01-15 22:18:48,042 [INFO] IPUIPlugin:80 - create IPUIPlugin
2025-01-15 22:18:48,042 [INFO] PluginManager:220 - loadIPPluginJar : add aes
2025-01-15 22:18:48,088 [INFO] IPUIPlugin:80 - create IPUIPlugin
2025-01-15 22:18:48,088 [INFO] PluginManager:220 - loadIPPluginJar : add can
2025-01-15 22:18:48,115 [INFO] IPUIPlugin:80 - create IPUIPlugin
2025-01-15 22:18:48,116 [INFO] PluginManager:220 - loadIPPluginJar : add comp
2025-01-15 22:18:48,153 [INFO] IPUIPlugin:80 - create IPUIPlugin
2025-01-15 22:18:48,154 [INFO] PluginManager:220 - loadIPPluginJar : add cryp
2025-01-15 22:18:48,166 [INFO] IPUIPlugin:80 - create IPUIPlugin
2025-01-15 22:18:48,167 [INFO] PluginManager:220 - loadIPPluginJar : add ddr_ctrl_phy
2025-01-15 22:18:48,198 [INFO] IPUIPlugin:80 - create IPUIPlugin
2025-01-15 22:18:48,198 [INFO] PluginManager:220 - loadIPPluginJar : add dfsdm
2025-01-15 22:18:48,213 [INFO] IPUIPlugin:80 - create IPUIPlugin
2025-01-15 22:18:48,214 [INFO] PluginManager:220 - loadIPPluginJar : add dma
2025-01-15 22:18:48,262 [INFO] IPUIPlugin:80 - create IPUIPlugin
2025-01-15 22:18:48,262 [INFO] PluginManager:220 - loadIPPluginJar : add dma3
2025-01-15 22:18:48,319 [INFO] IPUIPlugin:80 - create IPUIPlugin
2025-01-15 22:18:48,319 [INFO] PluginManager:220 - loadIPPluginJar : add extmemmanager
2025-01-15 22:18:48,345 [INFO] IPUIPlugin:80 - create IPUIPlugin
2025-01-15 22:18:48,347 [INFO] PluginManager:220 - loadIPPluginJar : add fatfs
2025-01-15 22:18:48,410 [INFO] IPUIPlugin:80 - create IPUIPlugin
2025-01-15 22:18:48,410 [INFO] PluginManager:220 - loadIPPluginJar : add fmc
2025-01-15 22:18:48,428 [INFO] IPUIPlugin:80 - create IPUIPlugin
2025-01-15 22:18:48,428 [INFO] PluginManager:220 - loadIPPluginJar : add freertos
2025-01-15 22:18:48,456 [INFO] IPUIPlugin:80 - create IPUIPlugin
2025-01-15 22:18:48,456 [INFO] PluginManager:220 - loadIPPluginJar : add genericplugin
2025-01-15 22:18:48,566 [INFO] IPUIPlugin:80 - create IPUIPlugin
2025-01-15 22:18:48,566 [INFO] PluginManager:220 - loadIPPluginJar : add gfxmmu
2025-01-15 22:18:48,696 [INFO] IPUIPlugin:80 - create IPUIPlugin
2025-01-15 22:18:48,696 [INFO] PluginManager:220 - loadIPPluginJar : add gic
2025-01-15 22:18:48,711 [INFO] IPUIPlugin:80 - create IPUIPlugin
2025-01-15 22:18:48,711 [INFO] PluginManager:220 - loadIPPluginJar : add gpio
2025-01-15 22:18:48,806 [INFO] IPUIPlugin:80 - create IPUIPlugin
2025-01-15 22:18:48,806 [INFO] PluginManager:220 - loadIPPluginJar : add gtzc
2025-01-15 22:18:48,840 [INFO] IPUIPlugin:80 - create IPUIPlugin
2025-01-15 22:18:48,840 [INFO] PluginManager:220 - loadIPPluginJar : add hash
2025-01-15 22:18:48,894 [INFO] IPUIPlugin:80 - create IPUIPlugin
2025-01-15 22:18:48,894 [INFO] PluginManager:220 - loadIPPluginJar : add i2c
2025-01-15 22:18:48,935 [INFO] IPUIPlugin:80 - create IPUIPlugin
2025-01-15 22:18:48,935 [INFO] PluginManager:220 - loadIPPluginJar : add i2s
2025-01-15 22:18:48,978 [INFO] IPUIPlugin:80 - create IPUIPlugin
2025-01-15 22:18:48,978 [INFO] PluginManager:220 - loadIPPluginJar : add i3c
2025-01-15 22:18:49,080 [INFO] IPUIPlugin:80 - create IPUIPlugin
2025-01-15 22:18:49,080 [INFO] PluginManager:220 - loadIPPluginJar : add ipddr
2025-01-15 22:18:49,173 [INFO] IPUIPlugin:80 - create IPUIPlugin
2025-01-15 22:18:49,173 [INFO] PluginManager:220 - loadIPPluginJar : add linkedlist
2025-01-15 22:18:49,208 [INFO] IPUIPlugin:80 - create IPUIPlugin
2025-01-15 22:18:49,208 [INFO] PluginManager:220 - loadIPPluginJar : add lorawan
2025-01-15 22:18:49,245 [INFO] IPUIPlugin:80 - create IPUIPlugin
2025-01-15 22:18:49,245 [INFO] PluginManager:220 - loadIPPluginJar : add ltdc
2025-01-15 22:18:49,259 [INFO] IPUIPlugin:80 - create IPUIPlugin
2025-01-15 22:18:49,259 [INFO] PluginManager:220 - loadIPPluginJar : add mdma
2025-01-15 22:18:49,271 [INFO] IPUIPlugin:80 - create IPUIPlugin
2025-01-15 22:18:49,271 [INFO] PluginManager:220 - loadIPPluginJar : add nvic
2025-01-15 22:18:49,311 [INFO] IPUIPlugin:80 - create IPUIPlugin
2025-01-15 22:18:49,311 [INFO] PluginManager:220 - loadIPPluginJar : add opamp
2025-01-15 22:18:49,375 [INFO] IPUIPlugin:80 - create IPUIPlugin
2025-01-15 22:18:49,375 [INFO] PluginManager:220 - loadIPPluginJar : add openamp
2025-01-15 22:18:49,423 [INFO] IPUIPlugin:80 - create IPUIPlugin
2025-01-15 22:18:49,423 [INFO] PluginManager:220 - loadIPPluginJar : add pdm2pcm
2025-01-15 22:18:49,438 [INFO] IPUIPlugin:80 - create IPUIPlugin
2025-01-15 22:18:49,439 [INFO] PluginManager:220 - loadIPPluginJar : add plateformsettings
2025-01-15 22:18:49,463 [INFO] IPUIPlugin:80 - create IPUIPlugin
2025-01-15 22:18:49,463 [INFO] PluginManager:220 - loadIPPluginJar : add quadspi
2025-01-15 22:18:49,491 [INFO] IPUIPlugin:80 - create IPUIPlugin
2025-01-15 22:18:49,491 [INFO] PluginManager:220 - loadIPPluginJar : add radio
2025-01-15 22:18:49,505 [INFO] IPUIPlugin:80 - create IPUIPlugin
2025-01-15 22:18:49,505 [INFO] PluginManager:220 - loadIPPluginJar : add resmgrutility
2025-01-15 22:18:49,552 [INFO] IPUIPlugin:80 - create IPUIPlugin
2025-01-15 22:18:49,553 [INFO] PluginManager:220 - loadIPPluginJar : add sai
2025-01-15 22:18:49,591 [INFO] IPUIPlugin:80 - create IPUIPlugin
2025-01-15 22:18:49,591 [INFO] PluginManager:220 - loadIPPluginJar : add spi
2025-01-15 22:18:49,660 [INFO] IPUIPlugin:80 - create IPUIPlugin
2025-01-15 22:18:49,660 [INFO] PluginManager:220 - loadIPPluginJar : add stm32_wpan
2025-01-15 22:18:49,687 [INFO] IPUIPlugin:80 - create IPUIPlugin
2025-01-15 22:18:49,687 [INFO] PluginManager:220 - loadIPPluginJar : add tim
2025-01-15 22:18:49,748 [INFO] IPUIPlugin:80 - create IPUIPlugin
2025-01-15 22:18:49,749 [INFO] PluginManager:220 - loadIPPluginJar : add touchsensing
2025-01-15 22:18:49,773 [INFO] IPUIPlugin:80 - create IPUIPlugin
2025-01-15 22:18:49,773 [INFO] PluginManager:220 - loadIPPluginJar : add tracer_emb
2025-01-15 22:18:49,797 [INFO] IPUIPlugin:80 - create IPUIPlugin
2025-01-15 22:18:49,797 [INFO] PluginManager:220 - loadIPPluginJar : add ts
2025-01-15 22:18:49,820 [INFO] IPUIPlugin:80 - create IPUIPlugin
2025-01-15 22:18:49,820 [INFO] PluginManager:220 - loadIPPluginJar : add tsc
2025-01-15 22:18:49,843 [INFO] IPUIPlugin:80 - create IPUIPlugin
2025-01-15 22:18:49,843 [INFO] PluginManager:220 - loadIPPluginJar : add ucpd
2025-01-15 22:18:49,889 [INFO] IPUIPlugin:80 - create IPUIPlugin
2025-01-15 22:18:49,890 [INFO] PluginManager:220 - loadIPPluginJar : add usart
2025-01-15 22:18:49,931 [INFO] IPUIPlugin:80 - create IPUIPlugin
2025-01-15 22:18:49,931 [INFO] PluginManager:220 - loadIPPluginJar : add usbx
2025-01-15 22:18:50,049 [FATAL] Updater:351 - Updater called before beeing initialized
2025-01-15 22:18:50,067 [INFO] RulesReader:64 - Compatibility file has been processed (297 Rules)
2025-01-15 22:18:50,075 [INFO] RulesReader:64 - Compatibility file has been processed (297 Rules)
2025-01-15 22:18:50,080 [INFO] CADModel:165 - CPN selected for project level
2025-01-15 22:18:50,080 [INFO] CADModel:114 - Register for checkConnection events
2025-01-15 22:18:50,080 [FATAL] Updater:351 - Updater called before beeing initialized
2025-01-15 22:18:50,081 [ERROR] CADModel:125 - Updater not yet initialized, retry later 
2025-01-15 22:18:50,198 [FATAL] Updater:351 - Updater called before beeing initialized
2025-01-15 22:18:50,200 [INFO] CADModel:165 - CPN selected for project level
2025-01-15 22:18:50,200 [INFO] CADModel:114 - Register for checkConnection events
2025-01-15 22:18:50,200 [FATAL] Updater:351 - Updater called before beeing initialized
2025-01-15 22:18:50,200 [ERROR] CADModel:125 - Updater not yet initialized, retry later 
2025-01-15 22:18:50,202 [FATAL] Updater:351 - Updater called before beeing initialized
2025-01-15 22:18:50,277 [FATAL] Updater:351 - Updater called before beeing initialized
2025-01-15 22:18:50,286 [INFO] DbMcusAds:53 - JSON generation date=Tue Dec 17 23:01:15 ICT 2024 (1734451275222)
2025-01-15 22:18:50,286 [FATAL] Updater:351 - Updater called before beeing initialized
2025-01-15 22:18:50,321 [WARN] DetailPanel:346 - Failed to get advertising image, set to default
2025-01-15 22:18:50,500 [FATAL] Updater:351 - Updater called before beeing initialized
2025-01-15 22:18:50,502 [FATAL] Updater:351 - Updater called before beeing initialized
2025-01-15 22:18:50,502 [FATAL] Updater:351 - Updater called before beeing initialized
2025-01-15 22:18:50,502 [WARN] DetailPanel:346 - Failed to get advertising image, set to default
2025-01-15 22:18:50,504 [FATAL] Updater:351 - Updater called before beeing initialized
2025-01-15 22:18:50,512 [INFO] ThirdPartyUpdaterWithRetryManager:70 - Updater plugin not ready yet. [2/15]
2025-01-15 22:18:50,551 [ERROR] Updater:1198 - MainUpdater not yet initialized. External WinMGr cannot be set.
2025-01-15 22:18:50,562 [INFO] Updater:1134 - Updater Version found : 6.13.0
2025-01-15 22:18:50,582 [INFO] ApplicationProperties:184 - Using Application install path: C:\ST\STM32CubeIDE_1.17.0\STM32CubeIDE\plugins\com.st.stm32cube.common.mx_6.13.0.202411220809
2025-01-15 22:18:52,161 [ERROR] LogOutputStream:75 - [STDERR_REDIRECT] Jan 15, 2025 10:18:52 PM java.util.prefs.WindowsPreferences <init>
2025-01-15 22:18:52,162 [ERROR] LogOutputStream:75 - [STDERR_REDIRECT] WARNING: Could not open/create prefs root node Software\JavaSoft\Prefs at root 0xffffffff80000002. Windows RegCreateKeyEx(...) returned error code 5.
2025-01-15 22:18:52,162 [ERROR] LogOutputStream:75 - [STDERR_REDIRECT] 
2025-01-15 22:18:52,783 [INFO] MainUpdater:2872 - connection check result : 10
2025-01-15 22:18:52,784 [INFO] MainUpdater:289 - Updater Check For Update Now.
2025-01-15 22:18:52,784 [INFO] MicroXplorer:498 - Change Database Version : DB.6.0.130
2025-01-15 22:18:52,797 [INFO] McuFinderGlobals:63 - Set McuFinder mode to 2 (CubeIDE integrated)
2025-01-15 22:18:52,805 [INFO] UserAuth:486 - Internet connection configuration mode: 1
2025-01-15 22:18:52,833 [INFO] JxBrowserEngine:152 - Initiate JxBrowser Engine with user profile folder
2025-01-15 22:18:53,003 [INFO] CheckServerUpdateThread:120 - End of CheckServer Thread
2025-01-15 22:18:53,713 [WARN] PackLoader:240 - Cannot read IP mode file for STMicroelectronics.FP-SNS-MOTENVWB1.1.4.0
2025-01-15 22:18:53,731 [WARN] PackLoader:240 - Cannot read IP mode file for STMicroelectronics.FP-ATR-ASTRA1.2.0.1
2025-01-15 22:18:53,748 [WARN] PackLoader:240 - Cannot read IP mode file for STMicroelectronics.X-CUBE-SMBUS.2.1.0
2025-01-15 22:18:53,765 [WARN] PackLoader:240 - Cannot read IP mode file for STMicroelectronics.X-CUBE-WB05N.1.1.0
2025-01-15 22:18:53,809 [WARN] PackLoader:240 - Cannot read IP mode file for STMicroelectronics.X-CUBE-AZRTOS-F7.1.1.0
2025-01-15 22:18:53,828 [WARN] PackLoader:240 - Cannot read IP mode file for STMicroelectronics.FP-SNS-FLIGHT1.5.0.2
2025-01-15 22:18:53,864 [WARN] PackLoader:240 - Cannot read IP mode file for Infineon.AIROC-Wi-Fi-Bluetooth-STM32.1.7.0
2025-01-15 22:18:53,874 [INFO] WebApp:168 - Instantiating new browser for Auth
2025-01-15 22:18:53,888 [WARN] PackLoader:240 - Cannot read IP mode file for STMicroelectronics.X-CUBE-DISPLAY.3.0.0
2025-01-15 22:18:53,918 [WARN] PackLoader:240 - Cannot read IP mode file for STMicroelectronics.X-CUBE-BLE1.7.0.0
2025-01-15 22:18:53,938 [WARN] PackLoader:240 - Cannot read IP mode file for STMicroelectronics.X-CUBE-NFC10.1.0.0
2025-01-15 22:18:53,960 [WARN] PackLoader:240 - Cannot read IP mode file for STMicroelectronics.X-CUBE-BLEMGR.4.0.0
2025-01-15 22:18:53,977 [WARN] PackLoader:240 - Cannot read IP mode file for emotas.I-CUBE-CANOPEN.1.3.0
2025-01-15 22:18:53,989 [WARN] PackLoader:240 - Cannot read IP mode file for STMicroelectronics.FP-SNS-SMARTAG2.1.2.0
2025-01-15 22:18:54,045 [WARN] PackLoader:240 - Cannot read IP mode file for STMicroelectronics.X-CUBE-MEMS1.11.1.0
2025-01-15 22:18:54,206 [INFO] LogOutputStream:77 - [STDOUT_REDIRECT] 1 : Invalid condition id : UX_CORESTACK_Condition cause : null
2025-01-15 22:18:54,207 [INFO] LogOutputStream:77 - [STDOUT_REDIRECT] 1 : Invalid condition id : UX_CORESTACK_Condition cause : null
2025-01-15 22:18:54,208 [INFO] LogOutputStream:77 - [STDOUT_REDIRECT] 1 : Invalid condition id : UX_CORESTACK_Condition cause : null
2025-01-15 22:18:54,211 [INFO] LogOutputStream:77 - [STDOUT_REDIRECT] 1 : Invalid condition id : UX_CORESTACK_Condition cause : null
2025-01-15 22:18:54,211 [INFO] LogOutputStream:77 - [STDOUT_REDIRECT] 1 : Invalid condition id : UX_CORESTACK_Condition cause : null
2025-01-15 22:18:54,214 [WARN] PackLoader:240 - Cannot read IP mode file for STMicroelectronics.X-CUBE-AZRTOS-WL.2.0.0
2025-01-15 22:18:54,236 [WARN] PackLoader:240 - Cannot read IP mode file for STMicroelectronics.FP-SNS-MOTENV1.5.0.0
2025-01-15 22:18:54,251 [WARN] PackLoader:240 - Cannot read IP mode file for wolfSSL.I-CUBE-wolfMQTT.1.19.0
2025-01-15 22:18:54,268 [WARN] PackLoader:240 - Cannot read IP mode file for WES.I-CUBE-Cesium.1.3.0
2025-01-15 22:18:54,282 [WARN] PackLoader:240 - Cannot read IP mode file for STMicroelectronics.X-CUBE-BLE2.3.3.0
2025-01-15 22:18:54,298 [WARN] PackLoader:240 - Cannot read IP mode file for STMicroelectronics.X-CUBE-NFC9.1.0.0
2025-01-15 22:18:54,325 [WARN] PackLoader:240 - Cannot read IP mode file for STMicroelectronics.X-CUBE-AZRTOS-G0.1.1.0
2025-01-15 22:18:54,349 [WARN] PackLoader:240 - Cannot read IP mode file for STMicroelectronics.X-CUBE-SAFEA1.1.2.2
2025-01-15 22:18:54,370 [WARN] PackLoader:240 - Cannot read IP mode file for STMicroelectronics.X-CUBE-NFC4.3.0.0
2025-01-15 22:18:54,393 [WARN] PackLoader:240 - Cannot read IP mode file for EmbeddedOffice.I-CUBE-FS-RTOS.1.0.1
2025-01-15 22:18:54,410 [WARN] PackLoader:240 - Cannot read IP mode file for STMicroelectronics.X-CUBE-TCPP.4.2.0
2025-01-15 22:18:54,425 [WARN] PackLoader:240 - Cannot read IP mode file for RealThread.X-CUBE-RT-Thread_Nano.4.1.1
2025-01-15 22:18:54,436 [WARN] PackLoader:240 - Cannot read IP mode file for STMicroelectronics.FP-ATR-SIGFOX1.3.2.0
2025-01-15 22:18:54,448 [WARN] ConditionMgr:438 - getConditionDescription Invalid condition id : Cortex-A Device cause : null
2025-01-15 22:18:54,469 [WARN] ConditionMgr:1044 - genDependencies : Invalid condition id : Cortex-A Device cause : null
2025-01-15 22:18:54,469 [WARN] ConditionMgr:1044 - genDependencies : Invalid condition id : Cortex-A Device cause : null
2025-01-15 22:18:54,469 [WARN] ConditionMgr:1044 - genDependencies : Invalid condition id : Cortex-A Device cause : null
2025-01-15 22:18:54,486 [WARN] PackLoader:240 - Cannot read IP mode file for STMicroelectronics.X-CUBE-EEPRMA1.5.1.0
2025-01-15 22:18:54,500 [WARN] PackLoader:240 - Cannot read IP mode file for wolfSSL.I-CUBE-wolfSSL.5.7.4
2025-01-15 22:18:54,521 [WARN] PackLoader:240 - Cannot read IP mode file for ITTIA_DB.I-CUBE-ITTIADB.8.9.0
2025-01-15 22:18:54,560 [WARN] PackLoader:240 - Cannot read IP mode file for SEGGER.I-CUBE-embOS.1.3.1
2025-01-15 22:18:54,604 [WARN] PackLoader:240 - Cannot read IP mode file for STMicroelectronics.X-CUBE-ALGOBUILD.1.4.0
2025-01-15 22:18:54,626 [WARN] PackLoader:240 - Cannot read IP mode file for STMicroelectronics.X-CUBE-AI.9.1.0
2025-01-15 22:18:54,650 [INFO] WebApp:449 - Apply proxy settings
2025-01-15 22:18:54,651 [INFO] WebApp:534 - Chromium requires no authentication
2025-01-15 22:18:54,663 [WARN] PackLoader:240 - Cannot read IP mode file for STMicroelectronics.X-CUBE-AZRTOS-F4.1.1.0
2025-01-15 22:18:54,663 [INFO] WebApp:477 - Direct internet connection detected
2025-01-15 22:18:54,683 [WARN] PackLoader:240 - Cannot read IP mode file for STMicroelectronics.X-CUBE-ISPU.2.1.0
2025-01-15 22:18:54,693 [INFO] WebApp:880 - Register for checkConnection events
2025-01-15 22:18:54,694 [INFO] WebApp:449 - Apply proxy settings
2025-01-15 22:18:54,694 [INFO] WebApp:534 - Chromium requires no authentication
2025-01-15 22:18:54,694 [INFO] WebApp:477 - Direct internet connection detected
2025-01-15 22:18:54,714 [WARN] PackLoader:240 - Cannot read IP mode file for STMicroelectronics.X-CUBE-AZRTOS-L5.2.0.0
2025-01-15 22:18:54,737 [WARN] PackLoader:240 - Cannot read IP mode file for STMicroelectronics.X-CUBE-NFC6.3.1.0
2025-01-15 22:18:54,755 [WARN] PackLoader:240 - Cannot read IP mode file for STMicroelectronics.X-CUBE-DPower.1.2.0
2025-01-15 22:18:54,774 [WARN] PackLoader:240 - Cannot read IP mode file for STMicroelectronics.X-CUBE-FREERTOS.1.3.0
2025-01-15 22:18:54,789 [WARN] PackLoader:240 - Cannot read IP mode file for STMicroelectronics.X-CUBE-NFC7.1.0.1
2025-01-15 22:18:54,810 [WARN] ConditionMgr:438 - getConditionDescription Invalid condition id : LAN8742 Phy interface Condition cause : null
2025-01-15 22:18:54,810 [WARN] PackLoader:240 - Cannot read IP mode file for STMicroelectronics.X-CUBE-AZRTOS-L4.2.0.0
2025-01-15 22:18:54,811 [WARN] ConditionMgr:1044 - genDependencies : Invalid condition id : LAN8742 Phy interface Condition cause : null
2025-01-15 22:18:54,811 [WARN] ConditionMgr:1044 - genDependencies : Invalid condition id : LAN8742 Phy interface Condition cause : null
2025-01-15 22:18:54,811 [WARN] ConditionMgr:1044 - genDependencies : Invalid condition id : LAN8742 Phy interface Condition cause : null
2025-01-15 22:18:54,825 [WARN] PackLoader:240 - Cannot read IP mode file for STMicroelectronics.X-CUBE-SFXS2LP1.4.0.0
2025-01-15 22:18:54,848 [WARN] PackLoader:240 - Cannot read IP mode file for STMicroelectronics.X-CUBE-AZRTOS-H7.3.3.0
2025-01-15 22:18:54,864 [WARN] PackLoader:240 - Cannot read IP mode file for STMicroelectronics.X-CUBE-IPS.3.0.0
2025-01-15 22:18:54,885 [WARN] ConditionMgr:438 - getConditionDescription Invalid condition id : UX DEVICE CLASS RTOS Condition cause : null
2025-01-15 22:18:54,885 [WARN] ConditionMgr:438 - getConditionDescription Invalid condition id : UX DEVICE CLASS RTOS Condition cause : null
2025-01-15 22:18:54,886 [WARN] PackLoader:240 - Cannot read IP mode file for STMicroelectronics.X-CUBE-AZRTOS-WB.2.0.0
2025-01-15 22:18:54,886 [WARN] ConditionMgr:1044 - genDependencies : Invalid condition id : UX DEVICE CLASS RTOS Condition cause : null
2025-01-15 22:18:54,886 [WARN] ConditionMgr:1044 - genDependencies : Invalid condition id : UX DEVICE CLASS RTOS Condition cause : null
2025-01-15 22:18:54,886 [WARN] ConditionMgr:1044 - genDependencies : Invalid condition id : UX DEVICE CLASS RTOS Condition cause : null
2025-01-15 22:18:54,887 [WARN] ConditionMgr:1044 - genDependencies : Invalid condition id : UX DEVICE CLASS RTOS Condition cause : null
2025-01-15 22:18:54,887 [WARN] ConditionMgr:1044 - genDependencies : Invalid condition id : UX DEVICE CLASS RTOS Condition cause : null
2025-01-15 22:18:54,888 [INFO] WebApp:221 - Starting web application
2025-01-15 22:18:54,888 [INFO] WebApp:579 - Web application path used C:\ST\STM32CubeIDE_1.17.0\STM32CubeIDE\plugins\com.st.stm32cube.common.mx_6.13.0.202411220809\db\plugins\mcufinder\reactClient1\index.html
2025-01-15 22:18:54,906 [WARN] PackLoader:240 - Cannot read IP mode file for STMicroelectronics.X-CUBE-GNSS1.7.0.1
2025-01-15 22:18:54,926 [WARN] PackLoader:240 - Cannot read IP mode file for STMicroelectronics.FP-SNS-STBOX1.2.0.0
2025-01-15 22:18:54,949 [WARN] PackLoader:240 - Cannot read IP mode file for STMicroelectronics.X-CUBE-SUBG2.5.0.0
2025-01-15 22:18:54,973 [WARN] PackLoader:240 - Cannot read IP mode file for Cesanta.I-CUBE-Mongoose.7.13.0
2025-01-15 22:18:54,999 [INFO] WebApp:187 - Connection restablished
2025-01-15 22:18:55,002 [WARN] PackLoader:240 - Cannot read IP mode file for STMicroelectronics.X-CUBE-AZRTOS-G4.2.0.0
2025-01-15 22:18:55,020 [WARN] PackLoader:240 - Cannot read IP mode file for STMicroelectronics.X-CUBE-ALS.1.0.2
2025-01-15 22:18:55,038 [WARN] PackLoader:240 - Cannot read IP mode file for STMicroelectronics.X-CUBE-TOUCHGFX.4.24.1
2025-01-15 22:18:55,056 [WARN] PackLoader:240 - Cannot read IP mode file for wolfSSL.I-CUBE-wolfTPM.3.4.0
2025-01-15 22:18:55,074 [WARN] PackLoader:240 - Cannot read IP mode file for portGmbH.I-Cube-SoM-uGOAL.1.1.0
2025-01-15 22:18:55,077 [INFO] UserAuth:486 - Internet connection configuration mode: 1
2025-01-15 22:18:55,106 [WARN] PackLoader:240 - Cannot read IP mode file for STMicroelectronics.X-CUBE-AZRTOS-H7RS.1.0.0
2025-01-15 22:18:55,129 [WARN] PackLoader:240 - Cannot read IP mode file for STMicroelectronics.X-CUBE-TOF1.3.4.2
2025-01-15 22:18:55,182 [WARN] PackLoader:240 - Cannot read IP mode file for wolfSSL.I-CUBE-wolfSSH.1.4.17
2025-01-15 22:18:55,183 [INFO] ThirdParty:978 - Integrity check success = true
2025-01-15 22:18:55,183 [INFO] IntegrityCheckThread:100 - exiting critical section [integrity check]
2025-01-15 22:18:55,183 [INFO] IntegrityCheckThread:103 - End integrity checks thread
2025-01-15 22:45:12,532 [ERROR] LogOutputStream:75 - [STDERR_REDIRECT] 
